[  2%] Built target isaac_ros_apriltag_interfaces__cpp
[  2%] Built target ament_cmake_python_symlink_isaac_ros_apriltag_interfaces
[ 12%] Built target isaac_ros_apriltag_interfaces__rosidl_generator_c
[ 23%] Built target isaac_ros_apriltag_interfaces__rosidl_typesupport_cpp
[ 33%] Built target isaac_ros_apriltag_interfaces__rosidl_typesupport_fastrtps_cpp
[ 48%] Built target isaac_ros_apriltag_interfaces__rosidl_typesupport_c
[ 53%] Built target isaac_ros_apriltag_interfaces__rosidl_typesupport_introspection_cpp
[ 69%] Built target isaac_ros_apriltag_interfaces__rosidl_typesupport_introspection_c
[ 74%] Built target isaac_ros_apriltag_interfaces__rosidl_typesupport_fastrtps_c
[ 74%] Built target isaac_ros_apriltag_interfaces
[ 76%] Built target isaac_ros_apriltag_interfaces__py
[ 84%] Built target isaac_ros_apriltag_interfaces__rosidl_generator_py
[ 89%] Built target isaac_ros_apriltag_interfaces__rosidl_typesupport_introspection_c__pyext
[ 94%] Built target isaac_ros_apriltag_interfaces__rosidl_typesupport_c__pyext
[100%] Built target isaac_ros_apriltag_interfaces__rosidl_typesupport_fastrtps_c__pyext
running egg_info
writing isaac_ros_apriltag_interfaces.egg-info/PKG-INFO
writing dependency_links to isaac_ros_apriltag_interfaces.egg-info/dependency_links.txt
writing top-level names to isaac_ros_apriltag_interfaces.egg-info/top_level.txt
reading manifest file 'isaac_ros_apriltag_interfaces.egg-info/SOURCES.txt'
writing manifest file 'isaac_ros_apriltag_interfaces.egg-info/SOURCES.txt'
[100%] Built target ament_cmake_python_build_isaac_ros_apriltag_interfaces_egg
