[0.267s] Invoking command in '/workspaces/isaac_ros-dev/build/isaac_ros_apriltag_interfaces': /usr/bin/cmake --build /workspaces/isaac_ros-dev/build/isaac_ros_apriltag_interfaces -- -j24 -l24
[0.286s] [  2%] Built target isaac_ros_apriltag_interfaces__cpp
[0.287s] [  2%] Built target ament_cmake_python_symlink_isaac_ros_apriltag_interfaces
[0.288s] [ 12%] Built target isaac_ros_apriltag_interfaces__rosidl_generator_c
[0.297s] [ 23%] Built target isaac_ros_apriltag_interfaces__rosidl_typesupport_cpp
[0.298s] [ 33%] Built target isaac_ros_apriltag_interfaces__rosidl_typesupport_fastrtps_cpp
[0.299s] [ 48%] Built target isaac_ros_apriltag_interfaces__rosidl_typesupport_c
[0.299s] [ 53%] Built target isaac_ros_apriltag_interfaces__rosidl_typesupport_introspection_cpp
[0.301s] [ 69%] Built target isaac_ros_apriltag_interfaces__rosidl_typesupport_introspection_c
[0.301s] [ 74%] Built target isaac_ros_apriltag_interfaces__rosidl_typesupport_fastrtps_c
[0.311s] [ 74%] Built target isaac_ros_apriltag_interfaces
[0.317s] [ 76%] Built target isaac_ros_apriltag_interfaces__py
[0.325s] [ 84%] Built target isaac_ros_apriltag_interfaces__rosidl_generator_py
[0.334s] [ 89%] Built target isaac_ros_apriltag_interfaces__rosidl_typesupport_introspection_c__pyext
[0.334s] [ 94%] Built target isaac_ros_apriltag_interfaces__rosidl_typesupport_c__pyext
[0.334s] [100%] Built target isaac_ros_apriltag_interfaces__rosidl_typesupport_fastrtps_c__pyext
[0.486s] running egg_info
[0.494s] writing isaac_ros_apriltag_interfaces.egg-info/PKG-INFO
[0.494s] writing dependency_links to isaac_ros_apriltag_interfaces.egg-info/dependency_links.txt
[0.495s] writing top-level names to isaac_ros_apriltag_interfaces.egg-info/top_level.txt
[0.517s] reading manifest file 'isaac_ros_apriltag_interfaces.egg-info/SOURCES.txt'
[0.518s] writing manifest file 'isaac_ros_apriltag_interfaces.egg-info/SOURCES.txt'
[0.543s] [100%] Built target ament_cmake_python_build_isaac_ros_apriltag_interfaces_egg
