[0.260s] Invoking command in '/workspaces/isaac_ros-dev/build/isaac_ros_tensor_list_interfaces': /usr/bin/cmake --build /workspaces/isaac_ros-dev/build/isaac_ros_tensor_list_interfaces -- -j24 -l24
[0.533s] [35m[1mConsolidate compiler generated dependencies of target isaac_ros_tensor_list_interfaces__rosidl_generator_c[0m
[0.533s] [  2%] Built target isaac_ros_tensor_list_interfaces__cpp
[0.533s] [  2%] Built target ament_cmake_python_symlink_isaac_ros_tensor_list_interfaces
[0.534s] [ 12%] Built target isaac_ros_tensor_list_interfaces__rosidl_generator_c
[0.534s] [35m[1mConsolidate compiler generated dependencies of target isaac_ros_tensor_list_interfaces__rosidl_typesupport_cpp[0m
[0.534s] [35m[1mConsolidate compiler generated dependencies of target isaac_ros_tensor_list_interfaces__rosidl_typesupport_fastrtps_cpp[0m
[0.535s] [35m[1mConsolidate compiler generated dependencies of target isaac_ros_tensor_list_interfaces__rosidl_typesupport_introspection_cpp[0m
[0.536s] [35m[1mConsolidate compiler generated dependencies of target isaac_ros_tensor_list_interfaces__rosidl_typesupport_introspection_c[0m
[0.536s] [35m[1mConsolidate compiler generated dependencies of target isaac_ros_tensor_list_interfaces__rosidl_typesupport_c[0m
[0.536s] [35m[1mConsolidate compiler generated dependencies of target isaac_ros_tensor_list_interfaces__rosidl_typesupport_fastrtps_c[0m
[0.536s] [ 34%] Built target isaac_ros_tensor_list_interfaces__rosidl_typesupport_introspection_cpp
[0.537s] [ 34%] Built target isaac_ros_tensor_list_interfaces__rosidl_typesupport_cpp
[0.537s] [ 44%] Built target isaac_ros_tensor_list_interfaces__rosidl_typesupport_fastrtps_cpp
[0.537s] [ 55%] Built target isaac_ros_tensor_list_interfaces__rosidl_typesupport_c
[0.537s] [ 65%] Built target isaac_ros_tensor_list_interfaces__rosidl_typesupport_introspection_c
[0.537s] [ 76%] Built target isaac_ros_tensor_list_interfaces__rosidl_typesupport_fastrtps_c
[0.539s] [ 76%] Built target isaac_ros_tensor_list_interfaces
[0.539s] [ 78%] Built target isaac_ros_tensor_list_interfaces__py
[0.540s] [35m[1mConsolidate compiler generated dependencies of target isaac_ros_tensor_list_interfaces__rosidl_generator_py[0m
[0.540s] [ 87%] Built target isaac_ros_tensor_list_interfaces__rosidl_generator_py
[0.541s] [35m[1mConsolidate compiler generated dependencies of target isaac_ros_tensor_list_interfaces__rosidl_typesupport_c__pyext[0m
[0.541s] [35m[1mConsolidate compiler generated dependencies of target isaac_ros_tensor_list_interfaces__rosidl_typesupport_introspection_c__pyext[0m
[0.542s] [35m[1mConsolidate compiler generated dependencies of target isaac_ros_tensor_list_interfaces__rosidl_typesupport_fastrtps_c__pyext[0m
[0.542s] [ 91%] Built target isaac_ros_tensor_list_interfaces__rosidl_typesupport_introspection_c__pyext
[0.543s] [ 95%] Built target isaac_ros_tensor_list_interfaces__rosidl_typesupport_c__pyext
[0.544s] [100%] Built target isaac_ros_tensor_list_interfaces__rosidl_typesupport_fastrtps_c__pyext
[0.544s] running egg_info
[0.561s] writing isaac_ros_tensor_list_interfaces.egg-info/PKG-INFO
[0.561s] writing dependency_links to isaac_ros_tensor_list_interfaces.egg-info/dependency_links.txt
[0.561s] writing top-level names to isaac_ros_tensor_list_interfaces.egg-info/top_level.txt
[0.562s] reading manifest file 'isaac_ros_tensor_list_interfaces.egg-info/SOURCES.txt'
[0.562s] writing manifest file 'isaac_ros_tensor_list_interfaces.egg-info/SOURCES.txt'
[0.570s] [100%] Built target ament_cmake_python_build_isaac_ros_tensor_list_interfaces_egg
