[0.257s] Invoking command in '/workspaces/isaac_ros-dev/build/isaac_ros_visual_slam_interfaces': /usr/bin/cmake --build /workspaces/isaac_ros-dev/build/isaac_ros_visual_slam_interfaces -- -j24 -l24
[0.272s] [  1%] [34m[1mGenerating C code for ROS interfaces[0m
[0.278s] [  1%] Built target ament_cmake_python_symlink_isaac_ros_visual_slam_interfaces
[0.278s] [  2%] [34m[1mGenerating C++ code for ROS interfaces[0m
[0.511s] running egg_info
[0.512s] creating isaac_ros_visual_slam_interfaces.egg-info
[0.524s] writing isaac_ros_visual_slam_interfaces.egg-info/PKG-INFO
[0.524s] writing dependency_links to isaac_ros_visual_slam_interfaces.egg-info/dependency_links.txt
[0.524s] writing top-level names to isaac_ros_visual_slam_interfaces.egg-info/top_level.txt
[0.524s] writing manifest file 'isaac_ros_visual_slam_interfaces.egg-info/SOURCES.txt'
[0.559s] reading manifest file 'isaac_ros_visual_slam_interfaces.egg-info/SOURCES.txt'
[0.560s] writing manifest file 'isaac_ros_visual_slam_interfaces.egg-info/SOURCES.txt'
[0.630s] [  2%] Built target ament_cmake_python_build_isaac_ros_visual_slam_interfaces_egg
[1.519s] [  2%] Built target isaac_ros_visual_slam_interfaces__cpp
[1.524s] [  7%] [34m[1mGenerating C++ type support dispatch for ROS interfaces[0m
[1.525s] [  7%] [34m[1mGenerating C++ type support for eProsima Fast-RTPS[0m
[1.525s] [  7%] [34m[1mGenerating C++ introspection for ROS interfaces[0m
[1.577s] [  9%] [32mBuilding C object CMakeFiles/isaac_ros_visual_slam_interfaces__rosidl_generator_c.dir/rosidl_generator_c/isaac_ros_visual_slam_interfaces/msg/detail/visual_slam_status__functions.c.o[0m
[1.577s] [  9%] [32mBuilding C object CMakeFiles/isaac_ros_visual_slam_interfaces__rosidl_generator_c.dir/rosidl_generator_c/isaac_ros_visual_slam_interfaces/srv/detail/get_all_poses__functions.c.o[0m
[1.577s] [ 12%] [32mBuilding C object CMakeFiles/isaac_ros_visual_slam_interfaces__rosidl_generator_c.dir/rosidl_generator_c/isaac_ros_visual_slam_interfaces/srv/detail/set_odometry_pose__functions.c.o[0m
[1.577s] [ 12%] [32mBuilding C object CMakeFiles/isaac_ros_visual_slam_interfaces__rosidl_generator_c.dir/rosidl_generator_c/isaac_ros_visual_slam_interfaces/srv/detail/reset__functions.c.o[0m
[1.578s] [ 14%] [32mBuilding C object CMakeFiles/isaac_ros_visual_slam_interfaces__rosidl_generator_c.dir/rosidl_generator_c/isaac_ros_visual_slam_interfaces/action/detail/load_map_and_localize__functions.c.o[0m
[1.580s] [ 15%] [32mBuilding C object CMakeFiles/isaac_ros_visual_slam_interfaces__rosidl_generator_c.dir/rosidl_generator_c/isaac_ros_visual_slam_interfaces/action/detail/save_map__functions.c.o[0m
[1.958s] [ 16%] [32m[1mLinking C shared library libisaac_ros_visual_slam_interfaces__rosidl_generator_c.so[0m
[1.977s] [ 16%] Built target isaac_ros_visual_slam_interfaces__rosidl_generator_c
[1.981s] [ 19%] [34m[1mGenerating C type support for eProsima Fast-RTPS[0m
[1.981s] [ 19%] [34m[1mGenerating C introspection for ROS interfaces[0m
[1.981s] [ 21%] [34m[1mGenerating C type support dispatch for ROS interfaces[0m
[2.026s] [ 22%] [32mBuilding CXX object CMakeFiles/isaac_ros_visual_slam_interfaces__rosidl_typesupport_cpp.dir/rosidl_typesupport_cpp/isaac_ros_visual_slam_interfaces/msg/visual_slam_status__type_support.cpp.o[0m
[2.026s] [ 23%] [32mBuilding CXX object CMakeFiles/isaac_ros_visual_slam_interfaces__rosidl_typesupport_cpp.dir/rosidl_typesupport_cpp/isaac_ros_visual_slam_interfaces/srv/get_all_poses__type_support.cpp.o[0m
[2.027s] [ 25%] [32mBuilding CXX object CMakeFiles/isaac_ros_visual_slam_interfaces__rosidl_typesupport_cpp.dir/rosidl_typesupport_cpp/isaac_ros_visual_slam_interfaces/action/save_map__type_support.cpp.o[0m
[2.027s] [ 28%] [32mBuilding CXX object CMakeFiles/isaac_ros_visual_slam_interfaces__rosidl_typesupport_cpp.dir/rosidl_typesupport_cpp/isaac_ros_visual_slam_interfaces/srv/set_odometry_pose__type_support.cpp.o[0m
[2.027s] [ 28%] [32mBuilding CXX object CMakeFiles/isaac_ros_visual_slam_interfaces__rosidl_typesupport_cpp.dir/rosidl_typesupport_cpp/isaac_ros_visual_slam_interfaces/srv/reset__type_support.cpp.o[0m
[2.027s] [ 29%] [32mBuilding CXX object CMakeFiles/isaac_ros_visual_slam_interfaces__rosidl_typesupport_cpp.dir/rosidl_typesupport_cpp/isaac_ros_visual_slam_interfaces/action/load_map_and_localize__type_support.cpp.o[0m
[2.152s] [ 30%] [32mBuilding CXX object CMakeFiles/isaac_ros_visual_slam_interfaces__rosidl_typesupport_introspection_cpp.dir/rosidl_typesupport_introspection_cpp/isaac_ros_visual_slam_interfaces/msg/detail/visual_slam_status__type_support.cpp.o[0m
[2.153s] [ 32%] [32mBuilding CXX object CMakeFiles/isaac_ros_visual_slam_interfaces__rosidl_typesupport_introspection_cpp.dir/rosidl_typesupport_introspection_cpp/isaac_ros_visual_slam_interfaces/srv/detail/get_all_poses__type_support.cpp.o[0m
[2.153s] [ 33%] [32mBuilding CXX object CMakeFiles/isaac_ros_visual_slam_interfaces__rosidl_typesupport_introspection_cpp.dir/rosidl_typesupport_introspection_cpp/isaac_ros_visual_slam_interfaces/action/detail/load_map_and_localize__type_support.cpp.o[0m
[2.153s] [ 38%] [32mBuilding CXX object CMakeFiles/isaac_ros_visual_slam_interfaces__rosidl_typesupport_introspection_cpp.dir/rosidl_typesupport_introspection_cpp/isaac_ros_visual_slam_interfaces/srv/detail/reset__type_support.cpp.o[0m
[2.154s] [ 38%] [32mBuilding CXX object CMakeFiles/isaac_ros_visual_slam_interfaces__rosidl_typesupport_introspection_cpp.dir/rosidl_typesupport_introspection_cpp/isaac_ros_visual_slam_interfaces/action/detail/save_map__type_support.cpp.o[0m
[2.154s] [ 38%] [32mBuilding CXX object CMakeFiles/isaac_ros_visual_slam_interfaces__rosidl_typesupport_introspection_cpp.dir/rosidl_typesupport_introspection_cpp/isaac_ros_visual_slam_interfaces/srv/detail/set_odometry_pose__type_support.cpp.o[0m
[2.338s] [ 40%] [32mBuilding CXX object CMakeFiles/isaac_ros_visual_slam_interfaces__rosidl_typesupport_fastrtps_cpp.dir/rosidl_typesupport_fastrtps_cpp/isaac_ros_visual_slam_interfaces/msg/detail/dds_fastrtps/visual_slam_status__type_support.cpp.o[0m
[2.338s] [ 40%] [32mBuilding CXX object CMakeFiles/isaac_ros_visual_slam_interfaces__rosidl_typesupport_fastrtps_cpp.dir/rosidl_typesupport_fastrtps_cpp/isaac_ros_visual_slam_interfaces/srv/detail/dds_fastrtps/get_all_poses__type_support.cpp.o[0m
[2.338s] [ 42%] [32mBuilding CXX object CMakeFiles/isaac_ros_visual_slam_interfaces__rosidl_typesupport_fastrtps_cpp.dir/rosidl_typesupport_fastrtps_cpp/isaac_ros_visual_slam_interfaces/srv/detail/dds_fastrtps/set_odometry_pose__type_support.cpp.o[0m
[2.338s] [ 43%] [32mBuilding CXX object CMakeFiles/isaac_ros_visual_slam_interfaces__rosidl_typesupport_fastrtps_cpp.dir/rosidl_typesupport_fastrtps_cpp/isaac_ros_visual_slam_interfaces/action/detail/dds_fastrtps/save_map__type_support.cpp.o[0m
[2.338s] [ 46%] [32mBuilding CXX object CMakeFiles/isaac_ros_visual_slam_interfaces__rosidl_typesupport_fastrtps_cpp.dir/rosidl_typesupport_fastrtps_cpp/isaac_ros_visual_slam_interfaces/srv/detail/dds_fastrtps/reset__type_support.cpp.o[0m
[2.339s] [ 46%] [32mBuilding CXX object CMakeFiles/isaac_ros_visual_slam_interfaces__rosidl_typesupport_fastrtps_cpp.dir/rosidl_typesupport_fastrtps_cpp/isaac_ros_visual_slam_interfaces/action/detail/dds_fastrtps/load_map_and_localize__type_support.cpp.o[0m
[2.508s] [ 49%] [32mBuilding CXX object CMakeFiles/isaac_ros_visual_slam_interfaces__rosidl_typesupport_c.dir/rosidl_typesupport_c/isaac_ros_visual_slam_interfaces/msg/visual_slam_status__type_support.cpp.o[0m
[2.508s] [ 50%] [32mBuilding CXX object CMakeFiles/isaac_ros_visual_slam_interfaces__rosidl_typesupport_c.dir/rosidl_typesupport_c/isaac_ros_visual_slam_interfaces/srv/get_all_poses__type_support.cpp.o[0m
[2.508s] [ 50%] [32mBuilding CXX object CMakeFiles/isaac_ros_visual_slam_interfaces__rosidl_typesupport_c.dir/rosidl_typesupport_c/isaac_ros_visual_slam_interfaces/srv/reset__type_support.cpp.o[0m
[2.508s] [ 52%] [32mBuilding CXX object CMakeFiles/isaac_ros_visual_slam_interfaces__rosidl_typesupport_c.dir/rosidl_typesupport_c/isaac_ros_visual_slam_interfaces/srv/set_odometry_pose__type_support.cpp.o[0m
[2.509s] [ 53%] [32mBuilding CXX object CMakeFiles/isaac_ros_visual_slam_interfaces__rosidl_typesupport_c.dir/rosidl_typesupport_c/isaac_ros_visual_slam_interfaces/action/save_map__type_support.cpp.o[0m
[2.509s] [ 54%] [32mBuilding CXX object CMakeFiles/isaac_ros_visual_slam_interfaces__rosidl_typesupport_c.dir/rosidl_typesupport_c/isaac_ros_visual_slam_interfaces/action/load_map_and_localize__type_support.cpp.o[0m
[2.528s] [ 56%] [32m[1mLinking CXX shared library libisaac_ros_visual_slam_interfaces__rosidl_typesupport_cpp.so[0m
[2.561s] [ 56%] Built target isaac_ros_visual_slam_interfaces__rosidl_typesupport_cpp
[2.577s] [ 57%] [32m[1mLinking CXX shared library libisaac_ros_visual_slam_interfaces__rosidl_typesupport_c.so[0m
[2.602s] [ 57%] Built target isaac_ros_visual_slam_interfaces__rosidl_typesupport_c
[2.764s] [ 59%] [32mBuilding CXX object CMakeFiles/isaac_ros_visual_slam_interfaces__rosidl_typesupport_fastrtps_c.dir/rosidl_typesupport_fastrtps_c/isaac_ros_visual_slam_interfaces/msg/detail/visual_slam_status__type_support_c.cpp.o[0m
[2.764s] [ 63%] [32mBuilding CXX object CMakeFiles/isaac_ros_visual_slam_interfaces__rosidl_typesupport_fastrtps_c.dir/rosidl_typesupport_fastrtps_c/isaac_ros_visual_slam_interfaces/srv/detail/reset__type_support_c.cpp.o[0m
[2.765s] [ 63%] [32mBuilding CXX object CMakeFiles/isaac_ros_visual_slam_interfaces__rosidl_typesupport_fastrtps_c.dir/rosidl_typesupport_fastrtps_c/isaac_ros_visual_slam_interfaces/srv/detail/set_odometry_pose__type_support_c.cpp.o[0m
[2.765s] [ 63%] [32mBuilding CXX object CMakeFiles/isaac_ros_visual_slam_interfaces__rosidl_typesupport_fastrtps_c.dir/rosidl_typesupport_fastrtps_c/isaac_ros_visual_slam_interfaces/srv/detail/get_all_poses__type_support_c.cpp.o[0m
[2.765s] [ 64%] [32mBuilding CXX object CMakeFiles/isaac_ros_visual_slam_interfaces__rosidl_typesupport_fastrtps_c.dir/rosidl_typesupport_fastrtps_c/isaac_ros_visual_slam_interfaces/action/detail/load_map_and_localize__type_support_c.cpp.o[0m
[2.765s] [ 66%] [32mBuilding CXX object CMakeFiles/isaac_ros_visual_slam_interfaces__rosidl_typesupport_fastrtps_c.dir/rosidl_typesupport_fastrtps_c/isaac_ros_visual_slam_interfaces/action/detail/save_map__type_support_c.cpp.o[0m
[2.856s] [ 67%] [32mBuilding C object CMakeFiles/isaac_ros_visual_slam_interfaces__rosidl_typesupport_introspection_c.dir/rosidl_typesupport_introspection_c/isaac_ros_visual_slam_interfaces/srv/detail/get_all_poses__type_support.c.o[0m
[2.857s] [ 70%] [32mBuilding C object CMakeFiles/isaac_ros_visual_slam_interfaces__rosidl_typesupport_introspection_c.dir/rosidl_typesupport_introspection_c/isaac_ros_visual_slam_interfaces/srv/detail/reset__type_support.c.o[0m
[2.857s] [ 70%] [32mBuilding C object CMakeFiles/isaac_ros_visual_slam_interfaces__rosidl_typesupport_introspection_c.dir/rosidl_typesupport_introspection_c/isaac_ros_visual_slam_interfaces/action/detail/load_map_and_localize__type_support.c.o[0m
[2.857s] [ 71%] [32mBuilding C object CMakeFiles/isaac_ros_visual_slam_interfaces__rosidl_typesupport_introspection_c.dir/rosidl_typesupport_introspection_c/isaac_ros_visual_slam_interfaces/msg/detail/visual_slam_status__type_support.c.o[0m
[2.857s] [ 73%] [32mBuilding C object CMakeFiles/isaac_ros_visual_slam_interfaces__rosidl_typesupport_introspection_c.dir/rosidl_typesupport_introspection_c/isaac_ros_visual_slam_interfaces/srv/detail/set_odometry_pose__type_support.c.o[0m
[2.858s] [ 74%] [32mBuilding C object CMakeFiles/isaac_ros_visual_slam_interfaces__rosidl_typesupport_introspection_c.dir/rosidl_typesupport_introspection_c/isaac_ros_visual_slam_interfaces/action/detail/save_map__type_support.c.o[0m
[2.916s] [ 76%] [32m[1mLinking CXX shared library libisaac_ros_visual_slam_interfaces__rosidl_typesupport_introspection_cpp.so[0m
[2.931s] [ 77%] [32m[1mLinking C shared library libisaac_ros_visual_slam_interfaces__rosidl_typesupport_introspection_c.so[0m
[2.946s] [ 77%] Built target isaac_ros_visual_slam_interfaces__rosidl_typesupport_introspection_c
[2.951s] [ 77%] Built target isaac_ros_visual_slam_interfaces__rosidl_typesupport_introspection_cpp
[3.025s] [ 78%] [32m[1mLinking CXX shared library libisaac_ros_visual_slam_interfaces__rosidl_typesupport_fastrtps_cpp.so[0m
[3.060s] [ 78%] Built target isaac_ros_visual_slam_interfaces__rosidl_typesupport_fastrtps_cpp
[3.201s] [ 80%] [32m[1mLinking CXX shared library libisaac_ros_visual_slam_interfaces__rosidl_typesupport_fastrtps_c.so[0m
[3.235s] [ 80%] Built target isaac_ros_visual_slam_interfaces__rosidl_typesupport_fastrtps_c
[3.241s] [ 80%] Built target isaac_ros_visual_slam_interfaces
[3.247s] [ 81%] [34m[1mGenerating Python code for ROS interfaces[0m
[4.512s] [ 81%] Built target isaac_ros_visual_slam_interfaces__py
[4.519s] [ 83%] [32mBuilding C object CMakeFiles/isaac_ros_visual_slam_interfaces__rosidl_generator_py.dir/rosidl_generator_py/isaac_ros_visual_slam_interfaces/msg/_visual_slam_status_s.c.o[0m
[4.519s] [ 87%] [32mBuilding C object CMakeFiles/isaac_ros_visual_slam_interfaces__rosidl_generator_py.dir/rosidl_generator_py/isaac_ros_visual_slam_interfaces/srv/_set_odometry_pose_s.c.o[0m
[4.520s] [ 87%] [32mBuilding C object CMakeFiles/isaac_ros_visual_slam_interfaces__rosidl_generator_py.dir/rosidl_generator_py/isaac_ros_visual_slam_interfaces/action/_load_map_and_localize_s.c.o[0m
[4.520s] [ 88%] [32mBuilding C object CMakeFiles/isaac_ros_visual_slam_interfaces__rosidl_generator_py.dir/rosidl_generator_py/isaac_ros_visual_slam_interfaces/srv/_reset_s.c.o[0m
[4.520s] [ 90%] [32mBuilding C object CMakeFiles/isaac_ros_visual_slam_interfaces__rosidl_generator_py.dir/rosidl_generator_py/isaac_ros_visual_slam_interfaces/srv/_get_all_poses_s.c.o[0m
[4.520s] [ 90%] [32mBuilding C object CMakeFiles/isaac_ros_visual_slam_interfaces__rosidl_generator_py.dir/rosidl_generator_py/isaac_ros_visual_slam_interfaces/action/_save_map_s.c.o[0m
[4.671s] [ 91%] [32m[1mLinking C shared library rosidl_generator_py/isaac_ros_visual_slam_interfaces/libisaac_ros_visual_slam_interfaces__rosidl_generator_py.so[0m
[4.692s] [ 91%] Built target isaac_ros_visual_slam_interfaces__rosidl_generator_py
[4.699s] [ 92%] [32mBuilding C object CMakeFiles/isaac_ros_visual_slam_interfaces__rosidl_typesupport_introspection_c__pyext.dir/rosidl_generator_py/isaac_ros_visual_slam_interfaces/_isaac_ros_visual_slam_interfaces_s.ep.rosidl_typesupport_introspection_c.c.o[0m
[4.699s] [ 94%] [32mBuilding C object CMakeFiles/isaac_ros_visual_slam_interfaces__rosidl_typesupport_c__pyext.dir/rosidl_generator_py/isaac_ros_visual_slam_interfaces/_isaac_ros_visual_slam_interfaces_s.ep.rosidl_typesupport_c.c.o[0m
[4.699s] [ 95%] [32mBuilding C object CMakeFiles/isaac_ros_visual_slam_interfaces__rosidl_typesupport_fastrtps_c__pyext.dir/rosidl_generator_py/isaac_ros_visual_slam_interfaces/_isaac_ros_visual_slam_interfaces_s.ep.rosidl_typesupport_fastrtps_c.c.o[0m
[4.939s] [ 97%] [32m[1mLinking C shared library rosidl_generator_py/isaac_ros_visual_slam_interfaces/isaac_ros_visual_slam_interfaces_s__rosidl_typesupport_introspection_c.cpython-38-x86_64-linux-gnu.so[0m
[4.940s] [ 98%] [32m[1mLinking C shared library rosidl_generator_py/isaac_ros_visual_slam_interfaces/isaac_ros_visual_slam_interfaces_s__rosidl_typesupport_c.cpython-38-x86_64-linux-gnu.so[0m
[4.948s] [100%] [32m[1mLinking C shared library rosidl_generator_py/isaac_ros_visual_slam_interfaces/isaac_ros_visual_slam_interfaces_s__rosidl_typesupport_fastrtps_c.cpython-38-x86_64-linux-gnu.so[0m
[4.963s] [100%] Built target isaac_ros_visual_slam_interfaces__rosidl_typesupport_c__pyext
[4.963s] [100%] Built target isaac_ros_visual_slam_interfaces__rosidl_typesupport_introspection_c__pyext
[4.970s] [100%] Built target isaac_ros_visual_slam_interfaces__rosidl_typesupport_fastrtps_c__pyext
