[0.262s] Invoking command in '/workspaces/isaac_ros-dev/build/isaac_ros_tensor_list_interfaces': /usr/bin/cmake --build /workspaces/isaac_ros-dev/build/isaac_ros_tensor_list_interfaces -- -j24 -l24
[0.278s] [  2%] [34m[1mGenerating C code for ROS interfaces[0m
[0.280s] [  4%] [34m[1mGenerating C++ code for ROS interfaces[0m
[0.281s] [  4%] Built target ament_cmake_python_symlink_isaac_ros_tensor_list_interfaces
[0.565s] [  4%] Built target isaac_ros_tensor_list_interfaces__cpp
[0.572s] [  6%] [34m[1mGenerating C++ introspection for ROS interfaces[0m
[0.572s] [  8%] [34m[1mGenerating C++ type support for eProsima Fast-RTPS[0m
[0.572s] [ 10%] [34m[1mGenerating C++ type support dispatch for ROS interfaces[0m
[0.594s] running egg_info
[0.594s] creating isaac_ros_tensor_list_interfaces.egg-info
[0.595s] [ 12%] [32mBuilding C object CMakeFiles/isaac_ros_tensor_list_interfaces__rosidl_generator_c.dir/rosidl_generator_c/isaac_ros_tensor_list_interfaces/msg/detail/tensor_shape__functions.c.o[0m
[0.596s] [ 14%] [32mBuilding C object CMakeFiles/isaac_ros_tensor_list_interfaces__rosidl_generator_c.dir/rosidl_generator_c/isaac_ros_tensor_list_interfaces/msg/detail/tensor__functions.c.o[0m
[0.600s] [ 17%] [32mBuilding C object CMakeFiles/isaac_ros_tensor_list_interfaces__rosidl_generator_c.dir/rosidl_generator_c/isaac_ros_tensor_list_interfaces/msg/detail/tensor_list__functions.c.o[0m
[0.608s] writing isaac_ros_tensor_list_interfaces.egg-info/PKG-INFO
[0.608s] writing dependency_links to isaac_ros_tensor_list_interfaces.egg-info/dependency_links.txt
[0.609s] writing top-level names to isaac_ros_tensor_list_interfaces.egg-info/top_level.txt
[0.609s] writing manifest file 'isaac_ros_tensor_list_interfaces.egg-info/SOURCES.txt'
[0.653s] reading manifest file 'isaac_ros_tensor_list_interfaces.egg-info/SOURCES.txt'
[0.654s] writing manifest file 'isaac_ros_tensor_list_interfaces.egg-info/SOURCES.txt'
[0.700s] [ 17%] Built target ament_cmake_python_build_isaac_ros_tensor_list_interfaces_egg
[0.709s] [ 19%] [32m[1mLinking C shared library libisaac_ros_tensor_list_interfaces__rosidl_generator_c.so[0m
[0.737s] [ 19%] Built target isaac_ros_tensor_list_interfaces__rosidl_generator_c
[0.745s] [ 23%] [34m[1mGenerating C type support for eProsima Fast-RTPS[0m
[0.745s] [ 23%] [34m[1mGenerating C introspection for ROS interfaces[0m
[0.759s] [ 25%] [34m[1mGenerating C type support dispatch for ROS interfaces[0m
[0.926s] [ 27%] [32mBuilding CXX object CMakeFiles/isaac_ros_tensor_list_interfaces__rosidl_typesupport_cpp.dir/rosidl_typesupport_cpp/isaac_ros_tensor_list_interfaces/msg/tensor__type_support.cpp.o[0m
[0.934s] [ 29%] [32mBuilding CXX object CMakeFiles/isaac_ros_tensor_list_interfaces__rosidl_typesupport_cpp.dir/rosidl_typesupport_cpp/isaac_ros_tensor_list_interfaces/msg/tensor_shape__type_support.cpp.o[0m
[0.935s] [ 31%] [32mBuilding CXX object CMakeFiles/isaac_ros_tensor_list_interfaces__rosidl_typesupport_cpp.dir/rosidl_typesupport_cpp/isaac_ros_tensor_list_interfaces/msg/tensor_list__type_support.cpp.o[0m
[1.012s] [ 34%] [32mBuilding CXX object CMakeFiles/isaac_ros_tensor_list_interfaces__rosidl_typesupport_introspection_cpp.dir/rosidl_typesupport_introspection_cpp/isaac_ros_tensor_list_interfaces/msg/detail/tensor_list__type_support.cpp.o[0m
[1.014s] [ 36%] [32mBuilding CXX object CMakeFiles/isaac_ros_tensor_list_interfaces__rosidl_typesupport_introspection_cpp.dir/rosidl_typesupport_introspection_cpp/isaac_ros_tensor_list_interfaces/msg/detail/tensor__type_support.cpp.o[0m
[1.021s] [ 38%] [32mBuilding CXX object CMakeFiles/isaac_ros_tensor_list_interfaces__rosidl_typesupport_introspection_cpp.dir/rosidl_typesupport_introspection_cpp/isaac_ros_tensor_list_interfaces/msg/detail/tensor_shape__type_support.cpp.o[0m
[1.065s] [ 40%] [32mBuilding CXX object CMakeFiles/isaac_ros_tensor_list_interfaces__rosidl_typesupport_fastrtps_cpp.dir/rosidl_typesupport_fastrtps_cpp/isaac_ros_tensor_list_interfaces/msg/detail/dds_fastrtps/tensor_shape__type_support.cpp.o[0m
[1.074s] [ 42%] [32mBuilding CXX object CMakeFiles/isaac_ros_tensor_list_interfaces__rosidl_typesupport_fastrtps_cpp.dir/rosidl_typesupport_fastrtps_cpp/isaac_ros_tensor_list_interfaces/msg/detail/dds_fastrtps/tensor__type_support.cpp.o[0m
[1.115s] [ 44%] [32mBuilding CXX object CMakeFiles/isaac_ros_tensor_list_interfaces__rosidl_typesupport_fastrtps_cpp.dir/rosidl_typesupport_fastrtps_cpp/isaac_ros_tensor_list_interfaces/msg/detail/dds_fastrtps/tensor_list__type_support.cpp.o[0m
[1.147s] [ 46%] [32mBuilding CXX object CMakeFiles/isaac_ros_tensor_list_interfaces__rosidl_typesupport_c.dir/rosidl_typesupport_c/isaac_ros_tensor_list_interfaces/msg/tensor_shape__type_support.cpp.o[0m
[1.148s] [ 51%] [32mBuilding CXX object CMakeFiles/isaac_ros_tensor_list_interfaces__rosidl_typesupport_c.dir/rosidl_typesupport_c/isaac_ros_tensor_list_interfaces/msg/tensor_list__type_support.cpp.o[0m
[1.148s] [ 51%] [32mBuilding CXX object CMakeFiles/isaac_ros_tensor_list_interfaces__rosidl_typesupport_fastrtps_c.dir/rosidl_typesupport_fastrtps_c/isaac_ros_tensor_list_interfaces/msg/detail/tensor_shape__type_support_c.cpp.o[0m
[1.156s] [ 53%] [32mBuilding CXX object CMakeFiles/isaac_ros_tensor_list_interfaces__rosidl_typesupport_fastrtps_c.dir/rosidl_typesupport_fastrtps_c/isaac_ros_tensor_list_interfaces/msg/detail/tensor__type_support_c.cpp.o[0m
[1.161s] [ 55%] [32mBuilding CXX object CMakeFiles/isaac_ros_tensor_list_interfaces__rosidl_typesupport_fastrtps_c.dir/rosidl_typesupport_fastrtps_c/isaac_ros_tensor_list_interfaces/msg/detail/tensor_list__type_support_c.cpp.o[0m
[1.172s] [ 57%] [32mBuilding CXX object CMakeFiles/isaac_ros_tensor_list_interfaces__rosidl_typesupport_c.dir/rosidl_typesupport_c/isaac_ros_tensor_list_interfaces/msg/tensor__type_support.cpp.o[0m
[1.193s] [ 59%] [32mBuilding C object CMakeFiles/isaac_ros_tensor_list_interfaces__rosidl_typesupport_introspection_c.dir/rosidl_typesupport_introspection_c/isaac_ros_tensor_list_interfaces/msg/detail/tensor__type_support.c.o[0m
[1.196s] [ 61%] [32mBuilding C object CMakeFiles/isaac_ros_tensor_list_interfaces__rosidl_typesupport_introspection_c.dir/rosidl_typesupport_introspection_c/isaac_ros_tensor_list_interfaces/msg/detail/tensor_shape__type_support.c.o[0m
[1.243s] [ 63%] [32mBuilding C object CMakeFiles/isaac_ros_tensor_list_interfaces__rosidl_typesupport_introspection_c.dir/rosidl_typesupport_introspection_c/isaac_ros_tensor_list_interfaces/msg/detail/tensor_list__type_support.c.o[0m
[1.277s] [ 65%] [32m[1mLinking CXX shared library libisaac_ros_tensor_list_interfaces__rosidl_typesupport_c.so[0m
[1.339s] [ 65%] Built target isaac_ros_tensor_list_interfaces__rosidl_typesupport_c
[1.357s] [ 68%] [32m[1mLinking C shared library libisaac_ros_tensor_list_interfaces__rosidl_typesupport_introspection_c.so[0m
[1.397s] [ 68%] Built target isaac_ros_tensor_list_interfaces__rosidl_typesupport_introspection_c
[1.409s] [ 70%] [32m[1mLinking CXX shared library libisaac_ros_tensor_list_interfaces__rosidl_typesupport_cpp.so[0m
[1.444s] [ 70%] Built target isaac_ros_tensor_list_interfaces__rosidl_typesupport_cpp
[1.624s] [ 72%] [32m[1mLinking CXX shared library libisaac_ros_tensor_list_interfaces__rosidl_typesupport_fastrtps_c.so[0m
[1.674s] [ 72%] Built target isaac_ros_tensor_list_interfaces__rosidl_typesupport_fastrtps_c
[1.781s] [ 74%] [32m[1mLinking CXX shared library libisaac_ros_tensor_list_interfaces__rosidl_typesupport_introspection_cpp.so[0m
[1.793s] [ 76%] [32m[1mLinking CXX shared library libisaac_ros_tensor_list_interfaces__rosidl_typesupport_fastrtps_cpp.so[0m
[1.820s] [ 76%] Built target isaac_ros_tensor_list_interfaces__rosidl_typesupport_introspection_cpp
[1.832s] [ 76%] Built target isaac_ros_tensor_list_interfaces__rosidl_typesupport_fastrtps_cpp
[1.838s] [ 76%] Built target isaac_ros_tensor_list_interfaces
[1.846s] [ 78%] [34m[1mGenerating Python code for ROS interfaces[0m
[2.305s] [ 78%] Built target isaac_ros_tensor_list_interfaces__py
[2.315s] [ 80%] [32mBuilding C object CMakeFiles/isaac_ros_tensor_list_interfaces__rosidl_generator_py.dir/rosidl_generator_py/isaac_ros_tensor_list_interfaces/msg/_tensor_shape_s.c.o[0m
[2.316s] [ 82%] [32mBuilding C object CMakeFiles/isaac_ros_tensor_list_interfaces__rosidl_generator_py.dir/rosidl_generator_py/isaac_ros_tensor_list_interfaces/msg/_tensor_list_s.c.o[0m
[2.316s] [ 85%] [32mBuilding C object CMakeFiles/isaac_ros_tensor_list_interfaces__rosidl_generator_py.dir/rosidl_generator_py/isaac_ros_tensor_list_interfaces/msg/_tensor_s.c.o[0m
[2.512s] [ 87%] [32m[1mLinking C shared library rosidl_generator_py/isaac_ros_tensor_list_interfaces/libisaac_ros_tensor_list_interfaces__rosidl_generator_py.so[0m
[2.544s] [ 87%] Built target isaac_ros_tensor_list_interfaces__rosidl_generator_py
[2.556s] [ 89%] [32mBuilding C object CMakeFiles/isaac_ros_tensor_list_interfaces__rosidl_typesupport_introspection_c__pyext.dir/rosidl_generator_py/isaac_ros_tensor_list_interfaces/_isaac_ros_tensor_list_interfaces_s.ep.rosidl_typesupport_introspection_c.c.o[0m
[2.556s] [ 91%] [32mBuilding C object CMakeFiles/isaac_ros_tensor_list_interfaces__rosidl_typesupport_fastrtps_c__pyext.dir/rosidl_generator_py/isaac_ros_tensor_list_interfaces/_isaac_ros_tensor_list_interfaces_s.ep.rosidl_typesupport_fastrtps_c.c.o[0m
[2.557s] [ 93%] [32mBuilding C object CMakeFiles/isaac_ros_tensor_list_interfaces__rosidl_typesupport_c__pyext.dir/rosidl_generator_py/isaac_ros_tensor_list_interfaces/_isaac_ros_tensor_list_interfaces_s.ep.rosidl_typesupport_c.c.o[0m
[2.652s] [ 95%] [32m[1mLinking C shared library rosidl_generator_py/isaac_ros_tensor_list_interfaces/isaac_ros_tensor_list_interfaces_s__rosidl_typesupport_fastrtps_c.cpython-38-x86_64-linux-gnu.so[0m
[2.673s] [ 95%] Built target isaac_ros_tensor_list_interfaces__rosidl_typesupport_fastrtps_c__pyext
[2.696s] [ 97%] [32m[1mLinking C shared library rosidl_generator_py/isaac_ros_tensor_list_interfaces/isaac_ros_tensor_list_interfaces_s__rosidl_typesupport_c.cpython-38-x86_64-linux-gnu.so[0m
[2.711s] [100%] [32m[1mLinking C shared library rosidl_generator_py/isaac_ros_tensor_list_interfaces/isaac_ros_tensor_list_interfaces_s__rosidl_typesupport_introspection_c.cpython-38-x86_64-linux-gnu.so[0m
[2.715s] [100%] Built target isaac_ros_tensor_list_interfaces__rosidl_typesupport_c__pyext
[2.731s] [100%] Built target isaac_ros_tensor_list_interfaces__rosidl_typesupport_introspection_c__pyext
