[0.271s] Invoking command in '/workspaces/isaac_ros-dev/build/isaac_ros_apriltag_interfaces': /usr/bin/cmake --build /workspaces/isaac_ros-dev/build/isaac_ros_apriltag_interfaces -- -j24 -l24
[0.537s] [35m[1mConsolidate compiler generated dependencies of target isaac_ros_apriltag_interfaces__rosidl_generator_c[0m
[0.537s] [  2%] Built target isaac_ros_apriltag_interfaces__cpp
[0.538s] [ 12%] Built target isaac_ros_apriltag_interfaces__rosidl_generator_c
[0.538s] [ 12%] Built target ament_cmake_python_symlink_isaac_ros_apriltag_interfaces
[0.539s] [35m[1mConsolidate compiler generated dependencies of target isaac_ros_apriltag_interfaces__rosidl_typesupport_cpp[0m
[0.539s] [35m[1mConsolidate compiler generated dependencies of target isaac_ros_apriltag_interfaces__rosidl_typesupport_fastrtps_cpp[0m
[0.540s] [35m[1mConsolidate compiler generated dependencies of target isaac_ros_apriltag_interfaces__rosidl_typesupport_introspection_cpp[0m
[0.541s] [35m[1mConsolidate compiler generated dependencies of target isaac_ros_apriltag_interfaces__rosidl_typesupport_introspection_c[0m
[0.541s] [35m[1mConsolidate compiler generated dependencies of target isaac_ros_apriltag_interfaces__rosidl_typesupport_c[0m
[0.543s] [35m[1mConsolidate compiler generated dependencies of target isaac_ros_apriltag_interfaces__rosidl_typesupport_fastrtps_c[0m
[0.543s] [ 23%] Built target isaac_ros_apriltag_interfaces__rosidl_typesupport_c
[0.543s] [ 33%] Built target isaac_ros_apriltag_interfaces__rosidl_typesupport_cpp
[0.543s] [ 53%] Built target isaac_ros_apriltag_interfaces__rosidl_typesupport_fastrtps_cpp
[0.544s] [ 53%] Built target isaac_ros_apriltag_interfaces__rosidl_typesupport_introspection_c
[0.545s] [ 64%] Built target isaac_ros_apriltag_interfaces__rosidl_typesupport_introspection_cpp
[0.546s] [ 74%] Built target isaac_ros_apriltag_interfaces__rosidl_typesupport_fastrtps_c
[0.546s] [ 74%] Built target isaac_ros_apriltag_interfaces
[0.546s] [ 76%] Built target isaac_ros_apriltag_interfaces__py
[0.546s] [35m[1mConsolidate compiler generated dependencies of target isaac_ros_apriltag_interfaces__rosidl_generator_py[0m
[0.547s] [ 84%] Built target isaac_ros_apriltag_interfaces__rosidl_generator_py
[0.547s] [35m[1mConsolidate compiler generated dependencies of target isaac_ros_apriltag_interfaces__rosidl_typesupport_c__pyext[0m
[0.548s] [35m[1mConsolidate compiler generated dependencies of target isaac_ros_apriltag_interfaces__rosidl_typesupport_fastrtps_c__pyext[0m
[0.548s] [35m[1mConsolidate compiler generated dependencies of target isaac_ros_apriltag_interfaces__rosidl_typesupport_introspection_c__pyext[0m
[0.548s] [ 89%] Built target isaac_ros_apriltag_interfaces__rosidl_typesupport_c__pyext
[0.549s] [ 94%] Built target isaac_ros_apriltag_interfaces__rosidl_typesupport_fastrtps_c__pyext
[0.550s] [100%] Built target isaac_ros_apriltag_interfaces__rosidl_typesupport_introspection_c__pyext
[0.550s] running egg_info
[0.551s] writing isaac_ros_apriltag_interfaces.egg-info/PKG-INFO
[0.551s] writing dependency_links to isaac_ros_apriltag_interfaces.egg-info/dependency_links.txt
[0.551s] writing top-level names to isaac_ros_apriltag_interfaces.egg-info/top_level.txt
[0.551s] reading manifest file 'isaac_ros_apriltag_interfaces.egg-info/SOURCES.txt'
[0.551s] writing manifest file 'isaac_ros_apriltag_interfaces.egg-info/SOURCES.txt'
[0.580s] [100%] Built target ament_cmake_python_build_isaac_ros_apriltag_interfaces_egg
