[0.021s] Invoking command in '/home/kavin/ros2_ws/build/my_cpp_pkg': CMAKE_PREFIX_PATH=${CMAKE_PREFIX_PATH}:/home/kavin/ros2_ws/install/my_py_pkg LINENO=1 _=/usr/bin/env /usr/bin/cmake --build /home/kavin/ros2_ws/build/my_cpp_pkg -- -j24 -l24
[0.056s] [ 50%] [32mBuilding CXX object CMakeFiles/cpp_node.dir/src/my_first_node.cpp.o[0m
[1.733s] [100%] [32m[1mLinking CXX executable cpp_node[0m
[1.781s] [100%] Built target cpp_node
[1.785s] Invoked command in '/home/kavin/ros2_ws/build/my_cpp_pkg' returned '0': CMAKE_PREFIX_PATH=${CMAKE_PREFIX_PATH}:/home/kavin/ros2_ws/install/my_py_pkg LINENO=1 _=/usr/bin/env /usr/bin/cmake --build /home/kavin/ros2_ws/build/my_cpp_pkg -- -j24 -l24
[1.822s] Invoking command in '/home/kavin/ros2_ws/build/my_cpp_pkg': CMAKE_PREFIX_PATH=${CMAKE_PREFIX_PATH}:/home/kavin/ros2_ws/install/my_py_pkg LINENO=1 _=/usr/bin/env /usr/bin/cmake --install /home/kavin/ros2_ws/build/my_cpp_pkg
[1.825s] -- Install configuration: ""
[1.825s] -- Installing: /home/kavin/ros2_ws/install/my_cpp_pkg/lib/my_cpp_pkg/cpp_node
[1.825s] -- Set runtime path of "/home/kavin/ros2_ws/install/my_cpp_pkg/lib/my_cpp_pkg/cpp_node" to ""
[1.825s] -- Installing: /home/kavin/ros2_ws/install/my_cpp_pkg/share/ament_index/resource_index/package_run_dependencies/my_cpp_pkg
[1.826s] -- Installing: /home/kavin/ros2_ws/install/my_cpp_pkg/share/ament_index/resource_index/parent_prefix_path/my_cpp_pkg
[1.826s] -- Installing: /home/kavin/ros2_ws/install/my_cpp_pkg/share/my_cpp_pkg/environment/ament_prefix_path.sh
[1.826s] -- Installing: /home/kavin/ros2_ws/install/my_cpp_pkg/share/my_cpp_pkg/environment/ament_prefix_path.dsv
[1.826s] -- Installing: /home/kavin/ros2_ws/install/my_cpp_pkg/share/my_cpp_pkg/environment/path.sh
[1.826s] -- Installing: /home/kavin/ros2_ws/install/my_cpp_pkg/share/my_cpp_pkg/environment/path.dsv
[1.826s] -- Installing: /home/kavin/ros2_ws/install/my_cpp_pkg/share/my_cpp_pkg/local_setup.bash
[1.826s] -- Installing: /home/kavin/ros2_ws/install/my_cpp_pkg/share/my_cpp_pkg/local_setup.sh
[1.826s] -- Installing: /home/kavin/ros2_ws/install/my_cpp_pkg/share/my_cpp_pkg/local_setup.zsh
[1.826s] -- Installing: /home/kavin/ros2_ws/install/my_cpp_pkg/share/my_cpp_pkg/local_setup.dsv
[1.826s] -- Installing: /home/kavin/ros2_ws/install/my_cpp_pkg/share/my_cpp_pkg/package.dsv
[1.827s] -- Installing: /home/kavin/ros2_ws/install/my_cpp_pkg/share/ament_index/resource_index/packages/my_cpp_pkg
[1.827s] -- Installing: /home/kavin/ros2_ws/install/my_cpp_pkg/share/my_cpp_pkg/cmake/my_cpp_pkgConfig.cmake
[1.827s] -- Installing: /home/kavin/ros2_ws/install/my_cpp_pkg/share/my_cpp_pkg/cmake/my_cpp_pkgConfig-version.cmake
[1.827s] -- Installing: /home/kavin/ros2_ws/install/my_cpp_pkg/share/my_cpp_pkg/package.xml
[1.828s] Invoked command in '/home/kavin/ros2_ws/build/my_cpp_pkg' returned '0': CMAKE_PREFIX_PATH=${CMAKE_PREFIX_PATH}:/home/kavin/ros2_ws/install/my_py_pkg LINENO=1 _=/usr/bin/env /usr/bin/cmake --install /home/kavin/ros2_ws/build/my_cpp_pkg
