[0.247s] Invoking command in '/workspaces/isaac_ros-dev/build/isaac_ros_bi3d_interfaces': /usr/bin/cmake --build /workspaces/isaac_ros-dev/build/isaac_ros_bi3d_interfaces -- -j24 -l24
[0.534s] [35m[1mConsolidate compiler generated dependencies of target isaac_ros_bi3d_interfaces__rosidl_generator_c[0m
[0.536s] [  3%] Built target isaac_ros_bi3d_interfaces__cpp
[0.537s] [  3%] Built target ament_cmake_python_symlink_isaac_ros_bi3d_interfaces
[0.537s] [ 12%] Built target isaac_ros_bi3d_interfaces__rosidl_generator_c
[0.537s] [35m[1mConsolidate compiler generated dependencies of target isaac_ros_bi3d_interfaces__rosidl_typesupport_cpp[0m
[0.538s] [35m[1mConsolidate compiler generated dependencies of target isaac_ros_bi3d_interfaces__rosidl_typesupport_introspection_cpp[0m
[0.538s] [35m[1mConsolidate compiler generated dependencies of target isaac_ros_bi3d_interfaces__rosidl_typesupport_fastrtps_cpp[0m
[0.538s] [35m[1mConsolidate compiler generated dependencies of target isaac_ros_bi3d_interfaces__rosidl_typesupport_fastrtps_c[0m
[0.539s] [35m[1mConsolidate compiler generated dependencies of target isaac_ros_bi3d_interfaces__rosidl_typesupport_introspection_c[0m
[0.539s] [35m[1mConsolidate compiler generated dependencies of target isaac_ros_bi3d_interfaces__rosidl_typesupport_c[0m
[0.539s] [ 32%] Built target isaac_ros_bi3d_interfaces__rosidl_typesupport_introspection_cpp
[0.539s] [ 32%] Built target isaac_ros_bi3d_interfaces__rosidl_typesupport_c
[0.539s] [ 41%] Built target isaac_ros_bi3d_interfaces__rosidl_typesupport_introspection_c
[0.540s] [ 51%] Built target isaac_ros_bi3d_interfaces__rosidl_typesupport_cpp
[0.540s] [ 61%] Built target isaac_ros_bi3d_interfaces__rosidl_typesupport_fastrtps_c
[0.541s] [ 70%] Built target isaac_ros_bi3d_interfaces__rosidl_typesupport_fastrtps_cpp
[0.541s] [ 70%] Built target isaac_ros_bi3d_interfaces
[0.541s] [ 74%] Built target isaac_ros_bi3d_interfaces__py
[0.541s] [35m[1mConsolidate compiler generated dependencies of target isaac_ros_bi3d_interfaces__rosidl_generator_py[0m
[0.541s] [ 80%] Built target isaac_ros_bi3d_interfaces__rosidl_generator_py
[0.541s] [35m[1mConsolidate compiler generated dependencies of target isaac_ros_bi3d_interfaces__rosidl_typesupport_fastrtps_c__pyext[0m
[0.541s] [35m[1mConsolidate compiler generated dependencies of target isaac_ros_bi3d_interfaces__rosidl_typesupport_c__pyext[0m
[0.541s] [35m[1mConsolidate compiler generated dependencies of target isaac_ros_bi3d_interfaces__rosidl_typesupport_introspection_c__pyext[0m
[0.541s] [ 87%] Built target isaac_ros_bi3d_interfaces__rosidl_typesupport_c__pyext
[0.541s] [ 93%] Built target isaac_ros_bi3d_interfaces__rosidl_typesupport_introspection_c__pyext
[0.541s] [100%] Built target isaac_ros_bi3d_interfaces__rosidl_typesupport_fastrtps_c__pyext
[0.542s] running egg_info
[0.542s] writing isaac_ros_bi3d_interfaces.egg-info/PKG-INFO
[0.542s] writing dependency_links to isaac_ros_bi3d_interfaces.egg-info/dependency_links.txt
[0.542s] writing top-level names to isaac_ros_bi3d_interfaces.egg-info/top_level.txt
[0.542s] reading manifest file 'isaac_ros_bi3d_interfaces.egg-info/SOURCES.txt'
[0.542s] writing manifest file 'isaac_ros_bi3d_interfaces.egg-info/SOURCES.txt'
[0.543s] [100%] Built target ament_cmake_python_build_isaac_ros_bi3d_interfaces_egg
