[0.456s] Invoking command in '/home/kavin/ros2_ws/src/my_py_pkg': LINENO=1 PYTHONPATH=/home/kavin/ros2_ws/build/my_py_pkg/prefix_override:/home/kavin/ros2_ws/install/my_py_pkg/lib/python3.10/site-packages:${PYTHONPATH} _=/usr/bin/env /usr/bin/python setup.py egg_info --egg-base ../../build/my_py_pkg build --build-base /home/kavin/ros2_ws/build/my_py_pkg/build install --record /home/kavin/ros2_ws/build/my_py_pkg/install.log --single-version-externally-managed
[0.579s] running egg_info
[0.579s] creating ../../build/my_py_pkg/my_py_pkg.egg-info
[0.586s] writing ../../build/my_py_pkg/my_py_pkg.egg-info/PKG-INFO
[0.587s] writing dependency_links to ../../build/my_py_pkg/my_py_pkg.egg-info/dependency_links.txt
[0.587s] writing requirements to ../../build/my_py_pkg/my_py_pkg.egg-info/requires.txt
[0.587s] writing top-level names to ../../build/my_py_pkg/my_py_pkg.egg-info/top_level.txt
[0.587s] writing manifest file '../../build/my_py_pkg/my_py_pkg.egg-info/SOURCES.txt'
[0.603s] reading manifest file '../../build/my_py_pkg/my_py_pkg.egg-info/SOURCES.txt'
[0.603s] writing manifest file '../../build/my_py_pkg/my_py_pkg.egg-info/SOURCES.txt'
[0.603s] running build
[0.603s] running build_py
[0.603s] creating /home/kavin/ros2_ws/build/my_py_pkg/build
[0.603s] creating /home/kavin/ros2_ws/build/my_py_pkg/build/lib
[0.604s] creating /home/kavin/ros2_ws/build/my_py_pkg/build/lib/my_py_pkg
[0.604s] copying my_py_pkg/__init__.py -> /home/kavin/ros2_ws/build/my_py_pkg/build/lib/my_py_pkg
[0.604s] running install
[0.604s] /usr/lib/python3.10/site-packages/setuptools/command/install.py:34: SetuptoolsDeprecationWarning: setup.py install is deprecated. Use build and pip and other standards-based tools.
[0.604s]   warnings.warn(
[0.607s] running install_lib
[0.615s] creating /home/kavin/ros2_ws/install/my_py_pkg/lib/python3.10/site-packages/my_py_pkg
[0.615s] copying /home/kavin/ros2_ws/build/my_py_pkg/build/lib/my_py_pkg/__init__.py -> /home/kavin/ros2_ws/install/my_py_pkg/lib/python3.10/site-packages/my_py_pkg
[0.615s] byte-compiling /home/kavin/ros2_ws/install/my_py_pkg/lib/python3.10/site-packages/my_py_pkg/__init__.py to __init__.cpython-310.pyc
[0.615s] running install_data
[0.623s] creating /home/kavin/ros2_ws/install/my_py_pkg/share/ament_index
[0.623s] creating /home/kavin/ros2_ws/install/my_py_pkg/share/ament_index/resource_index
[0.623s] creating /home/kavin/ros2_ws/install/my_py_pkg/share/ament_index/resource_index/packages
[0.623s] copying resource/my_py_pkg -> /home/kavin/ros2_ws/install/my_py_pkg/share/ament_index/resource_index/packages
[0.623s] copying package.xml -> /home/kavin/ros2_ws/install/my_py_pkg/share/my_py_pkg
[0.623s] running install_egg_info
[0.631s] Copying ../../build/my_py_pkg/my_py_pkg.egg-info to /home/kavin/ros2_ws/install/my_py_pkg/lib/python3.10/site-packages/my_py_pkg-0.0.0-py3.10.egg-info
[0.632s] running install_scripts
[0.703s] writing list of installed files to '/home/kavin/ros2_ws/build/my_py_pkg/install.log'
[0.718s] Invoked command in '/home/kavin/ros2_ws/src/my_py_pkg' returned '0': LINENO=1 PYTHONPATH=/home/kavin/ros2_ws/build/my_py_pkg/prefix_override:/home/kavin/ros2_ws/install/my_py_pkg/lib/python3.10/site-packages:${PYTHONPATH} _=/usr/bin/env /usr/bin/python setup.py egg_info --egg-base ../../build/my_py_pkg build --build-base /home/kavin/ros2_ws/build/my_py_pkg/build install --record /home/kavin/ros2_ws/build/my_py_pkg/install.log --single-version-externally-managed
