[  3%] [34m[1mGenerating C code for ROS interfaces[0m
[  6%] [34m[1mGenerating C++ code for ROS interfaces[0m
[  6%] Built target ament_cmake_python_symlink_isaac_ros_bi3d_interfaces
[  6%] Built target isaac_ros_bi3d_interfaces__cpp
[  9%] [34m[1mGenerating C++ introspection for ROS interfaces[0m
[ 12%] [34m[1mGenerating C++ type support for eProsima Fast-RTPS[0m
[ 16%] [34m[1mGenerating C++ type support dispatch for ROS interfaces[0m
[ 19%] [32mBuilding C object CMakeFiles/isaac_ros_bi3d_interfaces__rosidl_generator_c.dir/rosidl_generator_c/isaac_ros_bi3d_interfaces/msg/detail/bi3_d_inference_parameters_array__functions.c.o[0m
[ 22%] [32m[1mLinking C shared library libisaac_ros_bi3d_interfaces__rosidl_generator_c.so[0m
running egg_info
creating isaac_ros_bi3d_interfaces.egg-info
[ 22%] Built target isaac_ros_bi3d_interfaces__rosidl_generator_c
[ 25%] [34m[1mGenerating C type support for eProsima Fast-RTPS[0m
[ 29%] [34m[1mGenerating C introspection for ROS interfaces[0m
[ 32%] [34m[1mGenerating C type support dispatch for ROS interfaces[0m
writing isaac_ros_bi3d_interfaces.egg-info/PKG-INFO
writing dependency_links to isaac_ros_bi3d_interfaces.egg-info/dependency_links.txt
writing top-level names to isaac_ros_bi3d_interfaces.egg-info/top_level.txt
writing manifest file 'isaac_ros_bi3d_interfaces.egg-info/SOURCES.txt'
reading manifest file 'isaac_ros_bi3d_interfaces.egg-info/SOURCES.txt'
writing manifest file 'isaac_ros_bi3d_interfaces.egg-info/SOURCES.txt'
[ 35%] [32mBuilding CXX object CMakeFiles/isaac_ros_bi3d_interfaces__rosidl_typesupport_introspection_cpp.dir/rosidl_typesupport_introspection_cpp/isaac_ros_bi3d_interfaces/msg/detail/bi3_d_inference_parameters_array__type_support.cpp.o[0m
[ 38%] [32mBuilding CXX object CMakeFiles/isaac_ros_bi3d_interfaces__rosidl_typesupport_cpp.dir/rosidl_typesupport_cpp/isaac_ros_bi3d_interfaces/msg/bi3_d_inference_parameters_array__type_support.cpp.o[0m
[ 38%] Built target ament_cmake_python_build_isaac_ros_bi3d_interfaces_egg
[ 41%] [32mBuilding CXX object CMakeFiles/isaac_ros_bi3d_interfaces__rosidl_typesupport_fastrtps_cpp.dir/rosidl_typesupport_fastrtps_cpp/isaac_ros_bi3d_interfaces/msg/detail/dds_fastrtps/bi3_d_inference_parameters_array__type_support.cpp.o[0m
[ 45%] [32mBuilding CXX object CMakeFiles/isaac_ros_bi3d_interfaces__rosidl_typesupport_c.dir/rosidl_typesupport_c/isaac_ros_bi3d_interfaces/msg/bi3_d_inference_parameters_array__type_support.cpp.o[0m
[ 48%] [32mBuilding C object CMakeFiles/isaac_ros_bi3d_interfaces__rosidl_typesupport_introspection_c.dir/rosidl_typesupport_introspection_c/isaac_ros_bi3d_interfaces/msg/detail/bi3_d_inference_parameters_array__type_support.c.o[0m
[ 51%] [32m[1mLinking CXX shared library libisaac_ros_bi3d_interfaces__rosidl_typesupport_c.so[0m
[ 54%] [32mBuilding CXX object CMakeFiles/isaac_ros_bi3d_interfaces__rosidl_typesupport_fastrtps_c.dir/rosidl_typesupport_fastrtps_c/isaac_ros_bi3d_interfaces/msg/detail/bi3_d_inference_parameters_array__type_support_c.cpp.o[0m
[ 54%] Built target isaac_ros_bi3d_interfaces__rosidl_typesupport_c
[ 58%] [32m[1mLinking C shared library libisaac_ros_bi3d_interfaces__rosidl_typesupport_introspection_c.so[0m
[ 58%] Built target isaac_ros_bi3d_interfaces__rosidl_typesupport_introspection_c
[ 61%] [32m[1mLinking CXX shared library libisaac_ros_bi3d_interfaces__rosidl_typesupport_cpp.so[0m
[ 61%] Built target isaac_ros_bi3d_interfaces__rosidl_typesupport_cpp
[ 64%] [32m[1mLinking CXX shared library libisaac_ros_bi3d_interfaces__rosidl_typesupport_introspection_cpp.so[0m
[ 67%] [32m[1mLinking CXX shared library libisaac_ros_bi3d_interfaces__rosidl_typesupport_fastrtps_cpp.so[0m
[ 70%] [32m[1mLinking CXX shared library libisaac_ros_bi3d_interfaces__rosidl_typesupport_fastrtps_c.so[0m
[ 70%] Built target isaac_ros_bi3d_interfaces__rosidl_typesupport_fastrtps_cpp
[ 70%] Built target isaac_ros_bi3d_interfaces__rosidl_typesupport_introspection_cpp
[ 70%] Built target isaac_ros_bi3d_interfaces__rosidl_typesupport_fastrtps_c
[ 70%] Built target isaac_ros_bi3d_interfaces
[ 74%] [34m[1mGenerating Python code for ROS interfaces[0m
[ 74%] Built target isaac_ros_bi3d_interfaces__py
[ 77%] [32mBuilding C object CMakeFiles/isaac_ros_bi3d_interfaces__rosidl_generator_py.dir/rosidl_generator_py/isaac_ros_bi3d_interfaces/msg/_bi3_d_inference_parameters_array_s.c.o[0m
[ 80%] [32m[1mLinking C shared library rosidl_generator_py/isaac_ros_bi3d_interfaces/libisaac_ros_bi3d_interfaces__rosidl_generator_py.so[0m
[ 80%] Built target isaac_ros_bi3d_interfaces__rosidl_generator_py
[ 87%] [32mBuilding C object CMakeFiles/isaac_ros_bi3d_interfaces__rosidl_typesupport_c__pyext.dir/rosidl_generator_py/isaac_ros_bi3d_interfaces/_isaac_ros_bi3d_interfaces_s.ep.rosidl_typesupport_c.c.o[0m
[ 87%] [32mBuilding C object CMakeFiles/isaac_ros_bi3d_interfaces__rosidl_typesupport_fastrtps_c__pyext.dir/rosidl_generator_py/isaac_ros_bi3d_interfaces/_isaac_ros_bi3d_interfaces_s.ep.rosidl_typesupport_fastrtps_c.c.o[0m
[ 90%] [32mBuilding C object CMakeFiles/isaac_ros_bi3d_interfaces__rosidl_typesupport_introspection_c__pyext.dir/rosidl_generator_py/isaac_ros_bi3d_interfaces/_isaac_ros_bi3d_interfaces_s.ep.rosidl_typesupport_introspection_c.c.o[0m
[ 93%] [32m[1mLinking C shared library rosidl_generator_py/isaac_ros_bi3d_interfaces/isaac_ros_bi3d_interfaces_s__rosidl_typesupport_introspection_c.cpython-38-x86_64-linux-gnu.so[0m
[ 96%] [32m[1mLinking C shared library rosidl_generator_py/isaac_ros_bi3d_interfaces/isaac_ros_bi3d_interfaces_s__rosidl_typesupport_fastrtps_c.cpython-38-x86_64-linux-gnu.so[0m
[100%] [32m[1mLinking C shared library rosidl_generator_py/isaac_ros_bi3d_interfaces/isaac_ros_bi3d_interfaces_s__rosidl_typesupport_c.cpython-38-x86_64-linux-gnu.so[0m
[100%] Built target isaac_ros_bi3d_interfaces__rosidl_typesupport_introspection_c__pyext
[100%] Built target isaac_ros_bi3d_interfaces__rosidl_typesupport_fastrtps_c__pyext
[100%] Built target isaac_ros_bi3d_interfaces__rosidl_typesupport_c__pyext
