[0.251s] Invoking command in '/workspaces/isaac_ros-dev/build/isaac_ros_bi3d_interfaces': /usr/bin/cmake --build /workspaces/isaac_ros-dev/build/isaac_ros_bi3d_interfaces -- -j24 -l24
[0.265s] [  3%] [34m[1mGenerating C code for ROS interfaces[0m
[0.269s] [  6%] [34m[1mGenerating C++ code for ROS interfaces[0m
[0.270s] [  6%] Built target ament_cmake_python_symlink_isaac_ros_bi3d_interfaces
[0.416s] [  6%] Built target isaac_ros_bi3d_interfaces__cpp
[0.421s] [  9%] [34m[1mGenerating C++ introspection for ROS interfaces[0m
[0.422s] [ 12%] [34m[1mGenerating C++ type support for eProsima Fast-RTPS[0m
[0.422s] [ 16%] [34m[1mGenerating C++ type support dispatch for ROS interfaces[0m
[0.445s] [ 19%] [32mBuilding C object CMakeFiles/isaac_ros_bi3d_interfaces__rosidl_generator_c.dir/rosidl_generator_c/isaac_ros_bi3d_interfaces/msg/detail/bi3_d_inference_parameters_array__functions.c.o[0m
[0.523s] [ 22%] [32m[1mLinking C shared library libisaac_ros_bi3d_interfaces__rosidl_generator_c.so[0m
[0.533s] running egg_info
[0.533s] creating isaac_ros_bi3d_interfaces.egg-info
[0.543s] [ 22%] Built target isaac_ros_bi3d_interfaces__rosidl_generator_c
[0.548s] [ 25%] [34m[1mGenerating C type support for eProsima Fast-RTPS[0m
[0.548s] [ 29%] [34m[1mGenerating C introspection for ROS interfaces[0m
[0.548s] [ 32%] [34m[1mGenerating C type support dispatch for ROS interfaces[0m
[0.549s] writing isaac_ros_bi3d_interfaces.egg-info/PKG-INFO
[0.549s] writing dependency_links to isaac_ros_bi3d_interfaces.egg-info/dependency_links.txt
[0.549s] writing top-level names to isaac_ros_bi3d_interfaces.egg-info/top_level.txt
[0.550s] writing manifest file 'isaac_ros_bi3d_interfaces.egg-info/SOURCES.txt'
[0.593s] reading manifest file 'isaac_ros_bi3d_interfaces.egg-info/SOURCES.txt'
[0.593s] writing manifest file 'isaac_ros_bi3d_interfaces.egg-info/SOURCES.txt'
[0.636s] [ 35%] [32mBuilding CXX object CMakeFiles/isaac_ros_bi3d_interfaces__rosidl_typesupport_introspection_cpp.dir/rosidl_typesupport_introspection_cpp/isaac_ros_bi3d_interfaces/msg/detail/bi3_d_inference_parameters_array__type_support.cpp.o[0m
[0.641s] [ 38%] [32mBuilding CXX object CMakeFiles/isaac_ros_bi3d_interfaces__rosidl_typesupport_cpp.dir/rosidl_typesupport_cpp/isaac_ros_bi3d_interfaces/msg/bi3_d_inference_parameters_array__type_support.cpp.o[0m
[0.643s] [ 38%] Built target ament_cmake_python_build_isaac_ros_bi3d_interfaces_egg
[0.658s] [ 41%] [32mBuilding CXX object CMakeFiles/isaac_ros_bi3d_interfaces__rosidl_typesupport_fastrtps_cpp.dir/rosidl_typesupport_fastrtps_cpp/isaac_ros_bi3d_interfaces/msg/detail/dds_fastrtps/bi3_d_inference_parameters_array__type_support.cpp.o[0m
[0.734s] [ 45%] [32mBuilding CXX object CMakeFiles/isaac_ros_bi3d_interfaces__rosidl_typesupport_c.dir/rosidl_typesupport_c/isaac_ros_bi3d_interfaces/msg/bi3_d_inference_parameters_array__type_support.cpp.o[0m
[0.770s] [ 48%] [32mBuilding C object CMakeFiles/isaac_ros_bi3d_interfaces__rosidl_typesupport_introspection_c.dir/rosidl_typesupport_introspection_c/isaac_ros_bi3d_interfaces/msg/detail/bi3_d_inference_parameters_array__type_support.c.o[0m
[0.785s] [ 51%] [32m[1mLinking CXX shared library libisaac_ros_bi3d_interfaces__rosidl_typesupport_c.so[0m
[0.790s] [ 54%] [32mBuilding CXX object CMakeFiles/isaac_ros_bi3d_interfaces__rosidl_typesupport_fastrtps_c.dir/rosidl_typesupport_fastrtps_c/isaac_ros_bi3d_interfaces/msg/detail/bi3_d_inference_parameters_array__type_support_c.cpp.o[0m
[0.836s] [ 54%] Built target isaac_ros_bi3d_interfaces__rosidl_typesupport_c
[0.840s] [ 58%] [32m[1mLinking C shared library libisaac_ros_bi3d_interfaces__rosidl_typesupport_introspection_c.so[0m
[0.883s] [ 58%] Built target isaac_ros_bi3d_interfaces__rosidl_typesupport_introspection_c
[1.016s] [ 61%] [32m[1mLinking CXX shared library libisaac_ros_bi3d_interfaces__rosidl_typesupport_cpp.so[0m
[1.125s] [ 61%] Built target isaac_ros_bi3d_interfaces__rosidl_typesupport_cpp
[1.246s] [ 64%] [32m[1mLinking CXX shared library libisaac_ros_bi3d_interfaces__rosidl_typesupport_introspection_cpp.so[0m
[1.262s] [ 67%] [32m[1mLinking CXX shared library libisaac_ros_bi3d_interfaces__rosidl_typesupport_fastrtps_cpp.so[0m
[1.295s] [ 70%] [32m[1mLinking CXX shared library libisaac_ros_bi3d_interfaces__rosidl_typesupport_fastrtps_c.so[0m
[1.336s] [ 70%] Built target isaac_ros_bi3d_interfaces__rosidl_typesupport_fastrtps_cpp
[1.347s] [ 70%] Built target isaac_ros_bi3d_interfaces__rosidl_typesupport_introspection_cpp
[1.380s] [ 70%] Built target isaac_ros_bi3d_interfaces__rosidl_typesupport_fastrtps_c
[1.391s] [ 70%] Built target isaac_ros_bi3d_interfaces
[1.403s] [ 74%] [34m[1mGenerating Python code for ROS interfaces[0m
[1.681s] [ 74%] Built target isaac_ros_bi3d_interfaces__py
[1.687s] [ 77%] [32mBuilding C object CMakeFiles/isaac_ros_bi3d_interfaces__rosidl_generator_py.dir/rosidl_generator_py/isaac_ros_bi3d_interfaces/msg/_bi3_d_inference_parameters_array_s.c.o[0m
[1.815s] [ 80%] [32m[1mLinking C shared library rosidl_generator_py/isaac_ros_bi3d_interfaces/libisaac_ros_bi3d_interfaces__rosidl_generator_py.so[0m
[1.835s] [ 80%] Built target isaac_ros_bi3d_interfaces__rosidl_generator_py
[1.843s] [ 87%] [32mBuilding C object CMakeFiles/isaac_ros_bi3d_interfaces__rosidl_typesupport_c__pyext.dir/rosidl_generator_py/isaac_ros_bi3d_interfaces/_isaac_ros_bi3d_interfaces_s.ep.rosidl_typesupport_c.c.o[0m
[1.843s] [ 87%] [32mBuilding C object CMakeFiles/isaac_ros_bi3d_interfaces__rosidl_typesupport_fastrtps_c__pyext.dir/rosidl_generator_py/isaac_ros_bi3d_interfaces/_isaac_ros_bi3d_interfaces_s.ep.rosidl_typesupport_fastrtps_c.c.o[0m
[1.844s] [ 90%] [32mBuilding C object CMakeFiles/isaac_ros_bi3d_interfaces__rosidl_typesupport_introspection_c__pyext.dir/rosidl_generator_py/isaac_ros_bi3d_interfaces/_isaac_ros_bi3d_interfaces_s.ep.rosidl_typesupport_introspection_c.c.o[0m
[1.919s] [ 93%] [32m[1mLinking C shared library rosidl_generator_py/isaac_ros_bi3d_interfaces/isaac_ros_bi3d_interfaces_s__rosidl_typesupport_introspection_c.cpython-38-x86_64-linux-gnu.so[0m
[1.921s] [ 96%] [32m[1mLinking C shared library rosidl_generator_py/isaac_ros_bi3d_interfaces/isaac_ros_bi3d_interfaces_s__rosidl_typesupport_fastrtps_c.cpython-38-x86_64-linux-gnu.so[0m
[1.922s] [100%] [32m[1mLinking C shared library rosidl_generator_py/isaac_ros_bi3d_interfaces/isaac_ros_bi3d_interfaces_s__rosidl_typesupport_c.cpython-38-x86_64-linux-gnu.so[0m
[1.940s] [100%] Built target isaac_ros_bi3d_interfaces__rosidl_typesupport_introspection_c__pyext
[1.941s] [100%] Built target isaac_ros_bi3d_interfaces__rosidl_typesupport_fastrtps_c__pyext
[1.948s] [100%] Built target isaac_ros_bi3d_interfaces__rosidl_typesupport_c__pyext
