[0.274s] Invoking command in '/workspaces/isaac_ros-dev/build/isaac_ros_apriltag_interfaces': /usr/bin/cmake --build /workspaces/isaac_ros-dev/build/isaac_ros_apriltag_interfaces -- -j24 -l24
[0.293s] [  2%] [34m[1mGenerating C code for ROS interfaces[0m
[0.295s] [  5%] [34m[1mGenerating C++ code for ROS interfaces[0m
[0.297s] [  5%] Built target ament_cmake_python_symlink_isaac_ros_apriltag_interfaces
[0.509s] [  7%] [32mBuilding C object CMakeFiles/isaac_ros_apriltag_interfaces__rosidl_generator_c.dir/rosidl_generator_c/isaac_ros_apriltag_interfaces/msg/detail/april_tag_detection__functions.c.o[0m
[0.509s] [ 10%] [32mBuilding C object CMakeFiles/isaac_ros_apriltag_interfaces__rosidl_generator_c.dir/rosidl_generator_c/isaac_ros_apriltag_interfaces/msg/detail/april_tag_detection_array__functions.c.o[0m
[0.606s] running egg_info
[0.606s] creating isaac_ros_apriltag_interfaces.egg-info
[0.607s] [ 10%] Built target isaac_ros_apriltag_interfaces__cpp
[0.613s] [ 12%] [32m[1mLinking C shared library libisaac_ros_apriltag_interfaces__rosidl_generator_c.so[0m
[0.614s] [ 15%] [34m[1mGenerating C++ type support dispatch for ROS interfaces[0m
[0.614s] [ 17%] [34m[1mGenerating C++ type support for eProsima Fast-RTPS[0m
[0.617s] [ 20%] [34m[1mGenerating C++ introspection for ROS interfaces[0m
[0.618s] writing isaac_ros_apriltag_interfaces.egg-info/PKG-INFO
[0.619s] writing dependency_links to isaac_ros_apriltag_interfaces.egg-info/dependency_links.txt
[0.619s] writing top-level names to isaac_ros_apriltag_interfaces.egg-info/top_level.txt
[0.619s] writing manifest file 'isaac_ros_apriltag_interfaces.egg-info/SOURCES.txt'
[0.667s] reading manifest file 'isaac_ros_apriltag_interfaces.egg-info/SOURCES.txt'
[0.667s] writing manifest file 'isaac_ros_apriltag_interfaces.egg-info/SOURCES.txt'
[0.667s] [ 20%] Built target isaac_ros_apriltag_interfaces__rosidl_generator_c
[0.680s] [ 23%] [34m[1mGenerating C type support for eProsima Fast-RTPS[0m
[0.687s] [ 25%] [34m[1mGenerating C introspection for ROS interfaces[0m
[0.692s] [ 28%] [34m[1mGenerating C type support dispatch for ROS interfaces[0m
[0.717s] [ 28%] Built target ament_cmake_python_build_isaac_ros_apriltag_interfaces_egg
[0.886s] [ 30%] [32mBuilding CXX object CMakeFiles/isaac_ros_apriltag_interfaces__rosidl_typesupport_cpp.dir/rosidl_typesupport_cpp/isaac_ros_apriltag_interfaces/msg/april_tag_detection_array__type_support.cpp.o[0m
[0.886s] [ 33%] [32mBuilding CXX object CMakeFiles/isaac_ros_apriltag_interfaces__rosidl_typesupport_cpp.dir/rosidl_typesupport_cpp/isaac_ros_apriltag_interfaces/msg/april_tag_detection__type_support.cpp.o[0m
[0.934s] [ 35%] [32mBuilding CXX object CMakeFiles/isaac_ros_apriltag_interfaces__rosidl_typesupport_introspection_cpp.dir/rosidl_typesupport_introspection_cpp/isaac_ros_apriltag_interfaces/msg/detail/april_tag_detection__type_support.cpp.o[0m
[0.937s] [ 38%] [32mBuilding CXX object CMakeFiles/isaac_ros_apriltag_interfaces__rosidl_typesupport_introspection_cpp.dir/rosidl_typesupport_introspection_cpp/isaac_ros_apriltag_interfaces/msg/detail/april_tag_detection_array__type_support.cpp.o[0m
[0.937s] [ 41%] [32mBuilding CXX object CMakeFiles/isaac_ros_apriltag_interfaces__rosidl_typesupport_fastrtps_cpp.dir/rosidl_typesupport_fastrtps_cpp/isaac_ros_apriltag_interfaces/msg/detail/dds_fastrtps/april_tag_detection__type_support.cpp.o[0m
[0.941s] [ 43%] [32mBuilding CXX object CMakeFiles/isaac_ros_apriltag_interfaces__rosidl_typesupport_fastrtps_cpp.dir/rosidl_typesupport_fastrtps_cpp/isaac_ros_apriltag_interfaces/msg/detail/dds_fastrtps/april_tag_detection_array__type_support.cpp.o[0m
[1.024s] [ 46%] [32mBuilding CXX object CMakeFiles/isaac_ros_apriltag_interfaces__rosidl_typesupport_c.dir/rosidl_typesupport_c/isaac_ros_apriltag_interfaces/msg/april_tag_detection__type_support.cpp.o[0m
[1.030s] [ 48%] [32mBuilding CXX object CMakeFiles/isaac_ros_apriltag_interfaces__rosidl_typesupport_fastrtps_c.dir/rosidl_typesupport_fastrtps_c/isaac_ros_apriltag_interfaces/msg/detail/april_tag_detection__type_support_c.cpp.o[0m
[1.031s] [ 51%] [32mBuilding C object CMakeFiles/isaac_ros_apriltag_interfaces__rosidl_typesupport_introspection_c.dir/rosidl_typesupport_introspection_c/isaac_ros_apriltag_interfaces/msg/detail/april_tag_detection__type_support.c.o[0m
[1.035s] [ 53%] [32mBuilding CXX object CMakeFiles/isaac_ros_apriltag_interfaces__rosidl_typesupport_c.dir/rosidl_typesupport_c/isaac_ros_apriltag_interfaces/msg/april_tag_detection_array__type_support.cpp.o[0m
[1.052s] [ 56%] [32mBuilding C object CMakeFiles/isaac_ros_apriltag_interfaces__rosidl_typesupport_introspection_c.dir/rosidl_typesupport_introspection_c/isaac_ros_apriltag_interfaces/msg/detail/april_tag_detection_array__type_support.c.o[0m
[1.064s] [ 58%] [32mBuilding CXX object CMakeFiles/isaac_ros_apriltag_interfaces__rosidl_typesupport_fastrtps_c.dir/rosidl_typesupport_fastrtps_c/isaac_ros_apriltag_interfaces/msg/detail/april_tag_detection_array__type_support_c.cpp.o[0m
[1.114s] [ 61%] [32m[1mLinking CXX shared library libisaac_ros_apriltag_interfaces__rosidl_typesupport_c.so[0m
[1.158s] [ 61%] Built target isaac_ros_apriltag_interfaces__rosidl_typesupport_c
[1.219s] [ 64%] [32m[1mLinking C shared library libisaac_ros_apriltag_interfaces__rosidl_typesupport_introspection_c.so[0m
[1.285s] [ 64%] Built target isaac_ros_apriltag_interfaces__rosidl_typesupport_introspection_c
[1.294s] [ 66%] [32m[1mLinking CXX shared library libisaac_ros_apriltag_interfaces__rosidl_typesupport_cpp.so[0m
[1.378s] [ 66%] Built target isaac_ros_apriltag_interfaces__rosidl_typesupport_cpp
[1.592s] [ 69%] [32m[1mLinking CXX shared library libisaac_ros_apriltag_interfaces__rosidl_typesupport_introspection_cpp.so[0m
[1.598s] [ 71%] [32m[1mLinking CXX shared library libisaac_ros_apriltag_interfaces__rosidl_typesupport_fastrtps_cpp.so[0m
[1.647s] [ 71%] Built target isaac_ros_apriltag_interfaces__rosidl_typesupport_introspection_cpp
[1.654s] [ 74%] [32m[1mLinking CXX shared library libisaac_ros_apriltag_interfaces__rosidl_typesupport_fastrtps_c.so[0m
[1.665s] [ 74%] Built target isaac_ros_apriltag_interfaces__rosidl_typesupport_fastrtps_cpp
[1.694s] [ 74%] Built target isaac_ros_apriltag_interfaces__rosidl_typesupport_fastrtps_c
[1.700s] [ 74%] Built target isaac_ros_apriltag_interfaces
[1.707s] [ 76%] [34m[1mGenerating Python code for ROS interfaces[0m
[1.968s] [ 76%] Built target isaac_ros_apriltag_interfaces__py
[1.974s] [ 79%] [32mBuilding C object CMakeFiles/isaac_ros_apriltag_interfaces__rosidl_generator_py.dir/rosidl_generator_py/isaac_ros_apriltag_interfaces/msg/_april_tag_detection_array_s.c.o[0m
[1.974s] [ 82%] [32mBuilding C object CMakeFiles/isaac_ros_apriltag_interfaces__rosidl_generator_py.dir/rosidl_generator_py/isaac_ros_apriltag_interfaces/msg/_april_tag_detection_s.c.o[0m
[2.064s] [ 84%] [32m[1mLinking C shared library rosidl_generator_py/isaac_ros_apriltag_interfaces/libisaac_ros_apriltag_interfaces__rosidl_generator_py.so[0m
[2.094s] [ 84%] Built target isaac_ros_apriltag_interfaces__rosidl_generator_py
[2.105s] [ 87%] [32mBuilding C object CMakeFiles/isaac_ros_apriltag_interfaces__rosidl_typesupport_c__pyext.dir/rosidl_generator_py/isaac_ros_apriltag_interfaces/_isaac_ros_apriltag_interfaces_s.ep.rosidl_typesupport_c.c.o[0m
[2.105s] [ 89%] [32mBuilding C object CMakeFiles/isaac_ros_apriltag_interfaces__rosidl_typesupport_introspection_c__pyext.dir/rosidl_generator_py/isaac_ros_apriltag_interfaces/_isaac_ros_apriltag_interfaces_s.ep.rosidl_typesupport_introspection_c.c.o[0m
[2.106s] [ 92%] [32mBuilding C object CMakeFiles/isaac_ros_apriltag_interfaces__rosidl_typesupport_fastrtps_c__pyext.dir/rosidl_generator_py/isaac_ros_apriltag_interfaces/_isaac_ros_apriltag_interfaces_s.ep.rosidl_typesupport_fastrtps_c.c.o[0m
[2.246s] [ 94%] [32m[1mLinking C shared library rosidl_generator_py/isaac_ros_apriltag_interfaces/isaac_ros_apriltag_interfaces_s__rosidl_typesupport_introspection_c.cpython-38-x86_64-linux-gnu.so[0m
[2.247s] [ 97%] [32m[1mLinking C shared library rosidl_generator_py/isaac_ros_apriltag_interfaces/isaac_ros_apriltag_interfaces_s__rosidl_typesupport_fastrtps_c.cpython-38-x86_64-linux-gnu.so[0m
[2.260s] [100%] [32m[1mLinking C shared library rosidl_generator_py/isaac_ros_apriltag_interfaces/isaac_ros_apriltag_interfaces_s__rosidl_typesupport_c.cpython-38-x86_64-linux-gnu.so[0m
[2.281s] [100%] Built target isaac_ros_apriltag_interfaces__rosidl_typesupport_fastrtps_c__pyext
[2.284s] [100%] Built target isaac_ros_apriltag_interfaces__rosidl_typesupport_introspection_c__pyext
[2.288s] [100%] Built target isaac_ros_apriltag_interfaces__rosidl_typesupport_c__pyext
