[35m[1mConsolidate compiler generated dependencies of target isaac_ros_visual_slam_interfaces__rosidl_generator_c[0m
[  1%] Built target isaac_ros_visual_slam_interfaces__cpp
[  1%] Built target ament_cmake_python_symlink_isaac_ros_visual_slam_interfaces
[ 12%] Built target isaac_ros_visual_slam_interfaces__rosidl_generator_c
[35m[1mConsolidate compiler generated dependencies of target isaac_ros_visual_slam_interfaces__rosidl_typesupport_cpp[0m
[35m[1mConsolidate compiler generated dependencies of target isaac_ros_visual_slam_interfaces__rosidl_typesupport_introspection_cpp[0m
[35m[1mConsolidate compiler generated dependencies of target isaac_ros_visual_slam_interfaces__rosidl_typesupport_fastrtps_cpp[0m
[35m[1mConsolidate compiler generated dependencies of target isaac_ros_visual_slam_interfaces__rosidl_typesupport_introspection_c[0m
[35m[1mConsolidate compiler generated dependencies of target isaac_ros_visual_slam_interfaces__rosidl_typesupport_fastrtps_c[0m
[35m[1mConsolidate compiler generated dependencies of target isaac_ros_visual_slam_interfaces__rosidl_typesupport_c[0m
[ 23%] Built target isaac_ros_visual_slam_interfaces__rosidl_typesupport_cpp
[ 42%] Built target isaac_ros_visual_slam_interfaces__rosidl_typesupport_introspection_c
[ 46%] Built target isaac_ros_visual_slam_interfaces__rosidl_typesupport_introspection_cpp
[ 57%] Built target isaac_ros_visual_slam_interfaces__rosidl_typesupport_fastrtps_cpp
[ 69%] Built target isaac_ros_visual_slam_interfaces__rosidl_typesupport_c
[ 80%] Built target isaac_ros_visual_slam_interfaces__rosidl_typesupport_fastrtps_c
[ 80%] Built target isaac_ros_visual_slam_interfaces
[ 81%] Built target isaac_ros_visual_slam_interfaces__py
[35m[1mConsolidate compiler generated dependencies of target isaac_ros_visual_slam_interfaces__rosidl_generator_py[0m
[ 91%] Built target isaac_ros_visual_slam_interfaces__rosidl_generator_py
[35m[1mConsolidate compiler generated dependencies of target isaac_ros_visual_slam_interfaces__rosidl_typesupport_introspection_c__pyext[0m
[35m[1mConsolidate compiler generated dependencies of target isaac_ros_visual_slam_interfaces__rosidl_typesupport_c__pyext[0m
[35m[1mConsolidate compiler generated dependencies of target isaac_ros_visual_slam_interfaces__rosidl_typesupport_fastrtps_c__pyext[0m
[ 95%] Built target isaac_ros_visual_slam_interfaces__rosidl_typesupport_introspection_c__pyext
[ 97%] Built target isaac_ros_visual_slam_interfaces__rosidl_typesupport_c__pyext
[100%] Built target isaac_ros_visual_slam_interfaces__rosidl_typesupport_fastrtps_c__pyext
running egg_info
writing isaac_ros_visual_slam_interfaces.egg-info/PKG-INFO
writing dependency_links to isaac_ros_visual_slam_interfaces.egg-info/dependency_links.txt
writing top-level names to isaac_ros_visual_slam_interfaces.egg-info/top_level.txt
reading manifest file 'isaac_ros_visual_slam_interfaces.egg-info/SOURCES.txt'
writing manifest file 'isaac_ros_visual_slam_interfaces.egg-info/SOURCES.txt'
[100%] Built target ament_cmake_python_build_isaac_ros_visual_slam_interfaces_egg
