[0.254s] Invoking command in '/workspaces/isaac_ros-dev/build/isaac_ros_visual_slam_interfaces': /usr/bin/cmake --build /workspaces/isaac_ros-dev/build/isaac_ros_visual_slam_interfaces -- -j24 -l24
[0.534s] [35m[1mConsolidate compiler generated dependencies of target isaac_ros_visual_slam_interfaces__rosidl_generator_c[0m
[0.535s] [  1%] Built target isaac_ros_visual_slam_interfaces__cpp
[0.535s] [  1%] Built target ament_cmake_python_symlink_isaac_ros_visual_slam_interfaces
[0.536s] [ 12%] Built target isaac_ros_visual_slam_interfaces__rosidl_generator_c
[0.536s] [35m[1mConsolidate compiler generated dependencies of target isaac_ros_visual_slam_interfaces__rosidl_typesupport_cpp[0m
[0.536s] [35m[1mConsolidate compiler generated dependencies of target isaac_ros_visual_slam_interfaces__rosidl_typesupport_introspection_cpp[0m
[0.536s] [35m[1mConsolidate compiler generated dependencies of target isaac_ros_visual_slam_interfaces__rosidl_typesupport_fastrtps_cpp[0m
[0.536s] [35m[1mConsolidate compiler generated dependencies of target isaac_ros_visual_slam_interfaces__rosidl_typesupport_introspection_c[0m
[0.537s] [35m[1mConsolidate compiler generated dependencies of target isaac_ros_visual_slam_interfaces__rosidl_typesupport_fastrtps_c[0m
[0.537s] [35m[1mConsolidate compiler generated dependencies of target isaac_ros_visual_slam_interfaces__rosidl_typesupport_c[0m
[0.537s] [ 23%] Built target isaac_ros_visual_slam_interfaces__rosidl_typesupport_cpp
[0.537s] [ 42%] Built target isaac_ros_visual_slam_interfaces__rosidl_typesupport_introspection_c
[0.538s] [ 46%] Built target isaac_ros_visual_slam_interfaces__rosidl_typesupport_introspection_cpp
[0.538s] [ 57%] Built target isaac_ros_visual_slam_interfaces__rosidl_typesupport_fastrtps_cpp
[0.538s] [ 69%] Built target isaac_ros_visual_slam_interfaces__rosidl_typesupport_c
[0.538s] [ 80%] Built target isaac_ros_visual_slam_interfaces__rosidl_typesupport_fastrtps_c
[0.538s] [ 80%] Built target isaac_ros_visual_slam_interfaces
[0.538s] [ 81%] Built target isaac_ros_visual_slam_interfaces__py
[0.538s] [35m[1mConsolidate compiler generated dependencies of target isaac_ros_visual_slam_interfaces__rosidl_generator_py[0m
[0.538s] [ 91%] Built target isaac_ros_visual_slam_interfaces__rosidl_generator_py
[0.538s] [35m[1mConsolidate compiler generated dependencies of target isaac_ros_visual_slam_interfaces__rosidl_typesupport_introspection_c__pyext[0m
[0.541s] [35m[1mConsolidate compiler generated dependencies of target isaac_ros_visual_slam_interfaces__rosidl_typesupport_c__pyext[0m
[0.541s] [35m[1mConsolidate compiler generated dependencies of target isaac_ros_visual_slam_interfaces__rosidl_typesupport_fastrtps_c__pyext[0m
[0.542s] [ 95%] Built target isaac_ros_visual_slam_interfaces__rosidl_typesupport_introspection_c__pyext
[0.542s] [ 97%] Built target isaac_ros_visual_slam_interfaces__rosidl_typesupport_c__pyext
[0.542s] [100%] Built target isaac_ros_visual_slam_interfaces__rosidl_typesupport_fastrtps_c__pyext
[0.542s] running egg_info
[0.542s] writing isaac_ros_visual_slam_interfaces.egg-info/PKG-INFO
[0.542s] writing dependency_links to isaac_ros_visual_slam_interfaces.egg-info/dependency_links.txt
[0.543s] writing top-level names to isaac_ros_visual_slam_interfaces.egg-info/top_level.txt
[0.552s] reading manifest file 'isaac_ros_visual_slam_interfaces.egg-info/SOURCES.txt'
[0.552s] writing manifest file 'isaac_ros_visual_slam_interfaces.egg-info/SOURCES.txt'
[0.554s] [100%] Built target ament_cmake_python_build_isaac_ros_visual_slam_interfaces_egg
