[0.257s] Invoking command in '/workspaces/isaac_ros-dev/build/isaac_ros_tensor_list_interfaces': /usr/bin/cmake --build /workspaces/isaac_ros-dev/build/isaac_ros_tensor_list_interfaces -- -j24 -l24
[0.274s] [  2%] Built target isaac_ros_tensor_list_interfaces__cpp
[0.276s] [ 12%] Built target isaac_ros_tensor_list_interfaces__rosidl_generator_c
[0.277s] [ 12%] Built target ament_cmake_python_symlink_isaac_ros_tensor_list_interfaces
[0.288s] [ 27%] Built target isaac_ros_tensor_list_interfaces__rosidl_typesupport_c
[0.288s] [ 34%] Built target isaac_ros_tensor_list_interfaces__rosidl_typesupport_cpp
[0.288s] [ 44%] Built target isaac_ros_tensor_list_interfaces__rosidl_typesupport_introspection_cpp
[0.289s] [ 55%] Built target isaac_ros_tensor_list_interfaces__rosidl_typesupport_fastrtps_cpp
[0.289s] [ 65%] Built target isaac_ros_tensor_list_interfaces__rosidl_typesupport_introspection_c
[0.289s] [ 76%] Built target isaac_ros_tensor_list_interfaces__rosidl_typesupport_fastrtps_c
[0.297s] [ 76%] Built target isaac_ros_tensor_list_interfaces
[0.304s] [ 78%] Built target isaac_ros_tensor_list_interfaces__py
[0.312s] [ 87%] Built target isaac_ros_tensor_list_interfaces__rosidl_generator_py
[0.320s] [ 91%] Built target isaac_ros_tensor_list_interfaces__rosidl_typesupport_introspection_c__pyext
[0.320s] [ 95%] Built target isaac_ros_tensor_list_interfaces__rosidl_typesupport_c__pyext
[0.320s] [100%] Built target isaac_ros_tensor_list_interfaces__rosidl_typesupport_fastrtps_c__pyext
[0.476s] running egg_info
[0.485s] writing isaac_ros_tensor_list_interfaces.egg-info/PKG-INFO
[0.485s] writing dependency_links to isaac_ros_tensor_list_interfaces.egg-info/dependency_links.txt
[0.485s] writing top-level names to isaac_ros_tensor_list_interfaces.egg-info/top_level.txt
[0.509s] reading manifest file 'isaac_ros_tensor_list_interfaces.egg-info/SOURCES.txt'
[0.511s] writing manifest file 'isaac_ros_tensor_list_interfaces.egg-info/SOURCES.txt'
[0.542s] [100%] Built target ament_cmake_python_build_isaac_ros_tensor_list_interfaces_egg
