[0.020s] Invoking command in '/home/kavin/ros2_ws/build/my_cpp_pkg': CMAKE_PREFIX_PATH=${CMAKE_PREFIX_PATH}:/home/kavin/ros2_ws/install/my_py_pkg LINENO=1 _=/usr/bin/env /usr/bin/cmake --build /home/kavin/ros2_ws/build/my_cpp_pkg -- -j24 -l24
[0.054s] [100%] Built target cpp_node
[0.059s] Invoked command in '/home/kavin/ros2_ws/build/my_cpp_pkg' returned '0': CMAKE_PREFIX_PATH=${CMAKE_PREFIX_PATH}:/home/kavin/ros2_ws/install/my_py_pkg LINENO=1 _=/usr/bin/env /usr/bin/cmake --build /home/kavin/ros2_ws/build/my_cpp_pkg -- -j24 -l24
[0.092s] Invoking command in '/home/kavin/ros2_ws/build/my_cpp_pkg': CMAKE_PREFIX_PATH=${CMAKE_PREFIX_PATH}:/home/kavin/ros2_ws/install/my_py_pkg LINENO=1 _=/usr/bin/env /usr/bin/cmake --install /home/kavin/ros2_ws/build/my_cpp_pkg
[0.095s] -- Install configuration: ""
[0.095s] -- Up-to-date: /home/kavin/ros2_ws/install/my_cpp_pkg/lib/my_cpp_pkg/cpp_node
[0.095s] -- Up-to-date: /home/kavin/ros2_ws/install/my_cpp_pkg/share/ament_index/resource_index/package_run_dependencies/my_cpp_pkg
[0.095s] -- Up-to-date: /home/kavin/ros2_ws/install/my_cpp_pkg/share/ament_index/resource_index/parent_prefix_path/my_cpp_pkg
[0.095s] -- Up-to-date: /home/kavin/ros2_ws/install/my_cpp_pkg/share/my_cpp_pkg/environment/ament_prefix_path.sh
[0.095s] -- Up-to-date: /home/kavin/ros2_ws/install/my_cpp_pkg/share/my_cpp_pkg/environment/ament_prefix_path.dsv
[0.095s] -- Up-to-date: /home/kavin/ros2_ws/install/my_cpp_pkg/share/my_cpp_pkg/environment/path.sh
[0.095s] -- Up-to-date: /home/kavin/ros2_ws/install/my_cpp_pkg/share/my_cpp_pkg/environment/path.dsv
[0.095s] -- Up-to-date: /home/kavin/ros2_ws/install/my_cpp_pkg/share/my_cpp_pkg/local_setup.bash
[0.095s] -- Up-to-date: /home/kavin/ros2_ws/install/my_cpp_pkg/share/my_cpp_pkg/local_setup.sh
[0.096s] -- Up-to-date: /home/kavin/ros2_ws/install/my_cpp_pkg/share/my_cpp_pkg/local_setup.zsh
[0.096s] -- Up-to-date: /home/kavin/ros2_ws/install/my_cpp_pkg/share/my_cpp_pkg/local_setup.dsv
[0.096s] -- Installing: /home/kavin/ros2_ws/install/my_cpp_pkg/share/my_cpp_pkg/package.dsv
[0.097s] -- Up-to-date: /home/kavin/ros2_ws/install/my_cpp_pkg/share/ament_index/resource_index/packages/my_cpp_pkg
[0.097s] -- Up-to-date: /home/kavin/ros2_ws/install/my_cpp_pkg/share/my_cpp_pkg/cmake/my_cpp_pkgConfig.cmake
[0.097s] -- Up-to-date: /home/kavin/ros2_ws/install/my_cpp_pkg/share/my_cpp_pkg/cmake/my_cpp_pkgConfig-version.cmake
[0.098s] -- Up-to-date: /home/kavin/ros2_ws/install/my_cpp_pkg/share/my_cpp_pkg/package.xml
[0.098s] Invoked command in '/home/kavin/ros2_ws/build/my_cpp_pkg' returned '0': CMAKE_PREFIX_PATH=${CMAKE_PREFIX_PATH}:/home/kavin/ros2_ws/install/my_py_pkg LINENO=1 _=/usr/bin/env /usr/bin/cmake --install /home/kavin/ros2_ws/build/my_cpp_pkg
