[0.261s] Invoking command in '/workspaces/isaac_ros-dev/build/isaac_ros_common': /usr/bin/cmake /workspaces/isaac_ros-dev/src/isaac_ros_common/isaac_ros_common -DAMENT_CMAKE_SYMLINK_INSTALL=1 -DCMAKE_INSTALL_PREFIX=/workspaces/isaac_ros-dev/install/isaac_ros_common
[0.341s] -- The C compiler identification is GNU 9.4.0
[0.405s] -- The CXX compiler identification is GNU 9.4.0
[0.412s] -- Detecting C compiler ABI info
[0.449s] -- Detecting C compiler ABI info - done
[0.457s] -- Check for working C compiler: /usr/bin/cc - skipped
[0.457s] -- Detecting C compile features
[0.458s] -- Detecting C compile features - done
[0.459s] -- Detecting CXX compiler ABI info
[0.502s] -- Detecting CXX compiler ABI info - done
[0.508s] -- Check for working CXX compiler: /usr/bin/c++ - skipped
[0.508s] -- Detecting CXX compile features
[0.511s] -- Detecting CXX compile features - done
[0.511s] -- CMAKE_BUILD_TYPE: Release
[0.511s] -- Found ament_cmake_auto: 1.3.3 (/opt/ros/humble/install/share/ament_cmake_auto/cmake)
[0.974s] -- Found Python3: /usr/bin/python3.8 (found version "3.8.10") found components: Interpreter 
[1.008s] -- Override CMake install command with custom implementation using symlinks instead of copying resources
[1.100s] -- Found rosidl_generator_c: 3.1.4 (/opt/ros/humble/install/share/rosidl_generator_c/cmake)
[1.103s] -- Found rosidl_adapter: 3.1.4 (/opt/ros/humble/install/share/rosidl_adapter/cmake)
[1.109s] -- Found rosidl_generator_cpp: 3.1.4 (/opt/ros/humble/install/share/rosidl_generator_cpp/cmake)
[1.119s] -- Using all available rosidl_typesupport_c: rosidl_typesupport_fastrtps_c;rosidl_typesupport_introspection_c
[1.133s] -- Using all available rosidl_typesupport_cpp: rosidl_typesupport_fastrtps_cpp;rosidl_typesupport_introspection_cpp
[1.181s] -- Found rmw_implementation_cmake: 6.1.1 (/opt/ros/humble/install/share/rmw_implementation_cmake/cmake)
[1.183s] -- Found rmw_fastrtps_cpp: 6.2.1 (/opt/ros/humble/install/share/rmw_fastrtps_cpp/cmake)
[1.257s] -- Found OpenSSL: /usr/lib/x86_64-linux-gnu/libcrypto.so (found version "1.1.1f")  
[1.276s] -- Found FastRTPS: /opt/ros/humble/install/include  
[1.310s] -- Using RMW implementation 'rmw_fastrtps_cpp' as default
[1.318s] -- Looking for pthread.h
[1.359s] -- Looking for pthread.h - found
[1.359s] -- Performing Test CMAKE_HAVE_LIBC_PTHREAD
[1.394s] -- Performing Test CMAKE_HAVE_LIBC_PTHREAD - Failed
[1.394s] -- Looking for pthread_create in pthreads
[1.420s] -- Looking for pthread_create in pthreads - not found
[1.420s] -- Looking for pthread_create in pthread
[1.453s] -- Looking for pthread_create in pthread - found
[1.454s] -- Found Threads: TRUE  
[1.564s] -- Found ament_lint_auto: 0.12.5 (/opt/ros/humble/install/share/ament_lint_auto/cmake)
[1.579s] -- Added test 'cppcheck' to perform static code analysis on C / C++ code
[1.579s] -- Configured cppcheck include dirs: /workspaces/isaac_ros-dev/src/isaac_ros_common/isaac_ros_common/include
[1.579s] -- Configured cppcheck exclude dirs and/or files: 
[1.579s] -- Added test 'cpplint' to check C / C++ code against the Google style
[1.579s] -- Configured cpplint exclude dirs and/or files: 
[1.580s] -- Added test 'lint_cmake' to check CMake code style
[1.580s] -- Added test 'uncrustify' to check C / C++ code style
[1.580s] -- Configured uncrustify additional arguments: 
[1.581s] -- Added test 'xmllint' to check XML markup files
[1.583s] -- Configuring done
[1.589s] -- Generating done
[1.590s] -- Build files have been written to: /workspaces/isaac_ros-dev/build/isaac_ros_common
