[0.254s] Invoking command in '/workspaces/isaac_ros-dev/build/isaac_ros_tensor_list_interfaces': /usr/bin/cmake /workspaces/isaac_ros-dev/src/isaac_ros_common/isaac_ros_tensor_list_interfaces -DAMENT_CMAKE_SYMLINK_INSTALL=1 -DCMAKE_INSTALL_PREFIX=/workspaces/isaac_ros-dev/install/isaac_ros_tensor_list_interfaces
[0.331s] -- The C compiler identification is GNU 9.4.0
[0.397s] -- The CXX compiler identification is GNU 9.4.0
[0.403s] -- Detecting C compiler ABI info
[0.440s] -- Detecting C compiler ABI info - done
[0.449s] -- Check for working C compiler: /usr/bin/cc - skipped
[0.449s] -- Detecting C compile features
[0.449s] -- Detecting C compile features - done
[0.452s] -- Detecting CXX compiler ABI info
[0.494s] -- Detecting CXX compiler ABI info - done
[0.499s] -- Check for working CXX compiler: /usr/bin/c++ - skipped
[0.501s] -- Detecting CXX compile features
[0.502s] -- Detecting CXX compile features - done
[0.502s] -- CMAKE_BUILD_TYPE: Release
[0.503s] -- Found ament_cmake_auto: 1.3.3 (/opt/ros/humble/install/share/ament_cmake_auto/cmake)
[0.969s] -- Found Python3: /usr/bin/python3.8 (found version "3.8.10") found components: Interpreter 
[1.002s] -- Override CMake install command with custom implementation using symlinks instead of copying resources
[1.062s] -- Using all available rosidl_typesupport_c: rosidl_typesupport_fastrtps_c;rosidl_typesupport_introspection_c
[1.067s] -- Found rosidl_adapter: 3.1.4 (/opt/ros/humble/install/share/rosidl_adapter/cmake)
[1.095s] -- Using all available rosidl_typesupport_cpp: rosidl_typesupport_fastrtps_cpp;rosidl_typesupport_introspection_cpp
[1.255s] -- Found ament_cmake_ros: 0.10.0 (/opt/ros/humble/install/share/ament_cmake_ros/cmake)
[1.343s] -- Using all available rosidl_typesupport_c: rosidl_typesupport_fastrtps_c;rosidl_typesupport_introspection_c
[1.460s] -- Using all available rosidl_typesupport_cpp: rosidl_typesupport_fastrtps_cpp;rosidl_typesupport_introspection_cpp
[1.476s] -- Found PythonInterp: /usr/bin/python3 (found suitable version "3.8.10", minimum required is "3.6") 
[1.477s] -- Found python_cmake_module: 0.10.0 (/opt/ros/humble/install/share/python_cmake_module/cmake)
[1.495s] -- Found PythonLibs: /usr/lib/x86_64-linux-gnu/libpython3.8.so (found suitable version "3.8.10", minimum required is "3.5") 
[1.495s] -- Using PYTHON_EXECUTABLE: /usr/bin/python3
[1.495s] -- Using PYTHON_INCLUDE_DIRS: /usr/include/python3.8
[1.495s] -- Using PYTHON_LIBRARIES: /usr/lib/x86_64-linux-gnu/libpython3.8.so
[1.509s] -- Found PythonExtra: .so  
[1.544s] -- Found ament_lint_auto: 0.12.5 (/opt/ros/humble/install/share/ament_lint_auto/cmake)
[1.561s] -- Added test 'copyright' to check source files copyright and LICENSE
[1.562s] -- Added test 'lint_cmake' to check CMake code style
[1.562s] -- Added test 'xmllint' to check XML markup files
[1.565s] -- Configuring done
[1.588s] -- Generating done
[1.590s] -- Build files have been written to: /workspaces/isaac_ros-dev/build/isaac_ros_tensor_list_interfaces
